<?xml version="1.0" encoding="UTF-8"?>
<testsuite name="inkball.BallTest" tests="14" skipped="0" failures="7" errors="0" timestamp="2024-10-25T11:29:02" hostname="192-168-1-102.tpgi.com.au" time="0.182">
  <properties/>
  <testcase name="testGetPosition()" classname="inkball.BallTest" time="0.002">
    <failure message="java.lang.NullPointerException" type="java.lang.NullPointerException">java.lang.NullPointerException
	at inkball.App.loadLevel(App.java:218)
	at inkball.BallTest.beforeEach(BallTest.java:24)
	at sun.reflect.NativeMethodAccessorImpl.invoke0(Native Method)
	at sun.reflect.NativeMethodAccessorImpl.invoke(NativeMethodAccessorImpl.java:62)
	at sun.reflect.DelegatingMethodAccessorImpl.invoke(DelegatingMethodAccessorImpl.java:43)
	at java.lang.reflect.Method.invoke(Method.java:498)
	at org.junit.platform.commons.util.ReflectionUtils.invokeMethod(ReflectionUtils.java:686)
	at org.junit.jupiter.engine.execution.MethodInvocation.proceed(MethodInvocation.java:60)
	at org.junit.jupiter.engine.execution.InvocationInterceptorChain$ValidatingInvocation.proceed(InvocationInterceptorChain.java:131)
	at org.junit.jupiter.engine.extension.TimeoutExtension.intercept(TimeoutExtension.java:149)
	at org.junit.jupiter.engine.extension.TimeoutExtension.interceptLifecycleMethod(TimeoutExtension.java:126)
	at org.junit.jupiter.engine.extension.TimeoutExtension.interceptBeforeEachMethod(TimeoutExtension.java:76)
	at org.junit.jupiter.engine.execution.ExecutableInvoker$ReflectiveInterceptorCall.lambda$ofVoidMethod$0(ExecutableInvoker.java:115)
	at org.junit.jupiter.engine.execution.ExecutableInvoker.lambda$invoke$0(ExecutableInvoker.java:105)
	at org.junit.jupiter.engine.execution.InvocationInterceptorChain$InterceptedInvocation.proceed(InvocationInterceptorChain.java:106)
	at org.junit.jupiter.engine.execution.InvocationInterceptorChain.proceed(InvocationInterceptorChain.java:64)
	at org.junit.jupiter.engine.execution.InvocationInterceptorChain.chainAndInvoke(InvocationInterceptorChain.java:45)
	at org.junit.jupiter.engine.execution.InvocationInterceptorChain.invoke(InvocationInterceptorChain.java:37)
	at org.junit.jupiter.engine.execution.ExecutableInvoker.invoke(ExecutableInvoker.java:104)
	at org.junit.jupiter.engine.execution.ExecutableInvoker.invoke(ExecutableInvoker.java:98)
	at org.junit.jupiter.engine.descriptor.ClassBasedTestDescriptor.invokeMethodInExtensionContext(ClassBasedTestDescriptor.java:481)
	at org.junit.jupiter.engine.descriptor.ClassBasedTestDescriptor.lambda$synthesizeBeforeEachMethodAdapter$18(ClassBasedTestDescriptor.java:466)
	at org.junit.jupiter.engine.descriptor.TestMethodTestDescriptor.lambda$invokeBeforeEachMethods$2(TestMethodTestDescriptor.java:169)
	at org.junit.jupiter.engine.descriptor.TestMethodTestDescriptor.lambda$invokeBeforeMethodsOrCallbacksUntilExceptionOccurs$5(TestMethodTestDescriptor.java:197)
	at org.junit.platform.engine.support.hierarchical.ThrowableCollector.execute(ThrowableCollector.java:73)
	at org.junit.jupiter.engine.descriptor.TestMethodTestDescriptor.invokeBeforeMethodsOrCallbacksUntilExceptionOccurs(TestMethodTestDescriptor.java:197)
	at org.junit.jupiter.engine.descriptor.TestMethodTestDescriptor.invokeBeforeEachMethods(TestMethodTestDescriptor.java:166)
	at org.junit.jupiter.engine.descriptor.TestMethodTestDescriptor.execute(TestMethodTestDescriptor.java:133)
	at org.junit.jupiter.engine.descriptor.TestMethodTestDescriptor.execute(TestMethodTestDescriptor.java:71)
	at org.junit.platform.engine.support.hierarchical.NodeTestTask.lambda$executeRecursively$5(NodeTestTask.java:135)
	at org.junit.platform.engine.support.hierarchical.ThrowableCollector.execute(ThrowableCollector.java:73)
	at org.junit.platform.engine.support.hierarchical.NodeTestTask.lambda$executeRecursively$7(NodeTestTask.java:125)
	at org.junit.platform.engine.support.hierarchical.Node.around(Node.java:135)
	at org.junit.platform.engine.support.hierarchical.NodeTestTask.lambda$executeRecursively$8(NodeTestTask.java:123)
	at org.junit.platform.engine.support.hierarchical.ThrowableCollector.execute(ThrowableCollector.java:73)
	at org.junit.platform.engine.support.hierarchical.NodeTestTask.executeRecursively(NodeTestTask.java:122)
	at org.junit.platform.engine.support.hierarchical.NodeTestTask.execute(NodeTestTask.java:80)
	at java.util.ArrayList.forEach(ArrayList.java:1259)
	at org.junit.platform.engine.support.hierarchical.SameThreadHierarchicalTestExecutorService.invokeAll(SameThreadHierarchicalTestExecutorService.java:38)
	at org.junit.platform.engine.support.hierarchical.NodeTestTask.lambda$executeRecursively$5(NodeTestTask.java:139)
	at org.junit.platform.engine.support.hierarchical.ThrowableCollector.execute(ThrowableCollector.java:73)
	at org.junit.platform.engine.support.hierarchical.NodeTestTask.lambda$executeRecursively$7(NodeTestTask.java:125)
	at org.junit.platform.engine.support.hierarchical.Node.around(Node.java:135)
	at org.junit.platform.engine.support.hierarchical.NodeTestTask.lambda$executeRecursively$8(NodeTestTask.java:123)
	at org.junit.platform.engine.support.hierarchical.ThrowableCollector.execute(ThrowableCollector.java:73)
	at org.junit.platform.engine.support.hierarchical.NodeTestTask.executeRecursively(NodeTestTask.java:122)
	at org.junit.platform.engine.support.hierarchical.NodeTestTask.execute(NodeTestTask.java:80)
	at java.util.ArrayList.forEach(ArrayList.java:1259)
	at org.junit.platform.engine.support.hierarchical.SameThreadHierarchicalTestExecutorService.invokeAll(SameThreadHierarchicalTestExecutorService.java:38)
	at org.junit.platform.engine.support.hierarchical.NodeTestTask.lambda$executeRecursively$5(NodeTestTask.java:139)
	at org.junit.platform.engine.support.hierarchical.ThrowableCollector.execute(ThrowableCollector.java:73)
	at org.junit.platform.engine.support.hierarchical.NodeTestTask.lambda$executeRecursively$7(NodeTestTask.java:125)
	at org.junit.platform.engine.support.hierarchical.Node.around(Node.java:135)
	at org.junit.platform.engine.support.hierarchical.NodeTestTask.lambda$executeRecursively$8(NodeTestTask.java:123)
	at org.junit.platform.engine.support.hierarchical.ThrowableCollector.execute(ThrowableCollector.java:73)
	at org.junit.platform.engine.support.hierarchical.NodeTestTask.executeRecursively(NodeTestTask.java:122)
	at org.junit.platform.engine.support.hierarchical.NodeTestTask.execute(NodeTestTask.java:80)
	at org.junit.platform.engine.support.hierarchical.SameThreadHierarchicalTestExecutorService.submit(SameThreadHierarchicalTestExecutorService.java:32)
	at org.junit.platform.engine.support.hierarchical.HierarchicalTestExecutor.execute(HierarchicalTestExecutor.java:57)
	at org.junit.platform.engine.support.hierarchical.HierarchicalTestEngine.execute(HierarchicalTestEngine.java:51)
	at org.junit.platform.launcher.core.EngineExecutionOrchestrator.execute(EngineExecutionOrchestrator.java:107)
	at org.junit.platform.launcher.core.EngineExecutionOrchestrator.execute(EngineExecutionOrchestrator.java:88)
	at org.junit.platform.launcher.core.EngineExecutionOrchestrator.lambda$execute$0(EngineExecutionOrchestrator.java:54)
	at org.junit.platform.launcher.core.EngineExecutionOrchestrator.withInterceptedStreams(EngineExecutionOrchestrator.java:67)
	at org.junit.platform.launcher.core.EngineExecutionOrchestrator.execute(EngineExecutionOrchestrator.java:52)
	at org.junit.platform.launcher.core.DefaultLauncher.execute(DefaultLauncher.java:114)
	at org.junit.platform.launcher.core.DefaultLauncher.execute(DefaultLauncher.java:86)
	at org.junit.platform.launcher.core.DefaultLauncherSession$DelegatingLauncher.execute(DefaultLauncherSession.java:86)
	at org.gradle.api.internal.tasks.testing.junitplatform.JUnitPlatformTestClassProcessor$CollectAllTestClassesExecutor.processAllTestClasses(JUnitPlatformTestClassProcessor.java:124)
	at org.gradle.api.internal.tasks.testing.junitplatform.JUnitPlatformTestClassProcessor$CollectAllTestClassesExecutor.access$000(JUnitPlatformTestClassProcessor.java:99)
	at org.gradle.api.internal.tasks.testing.junitplatform.JUnitPlatformTestClassProcessor.stop(JUnitPlatformTestClassProcessor.java:94)
	at org.gradle.api.internal.tasks.testing.SuiteTestClassProcessor.stop(SuiteTestClassProcessor.java:63)
	at sun.reflect.NativeMethodAccessorImpl.invoke0(Native Method)
	at sun.reflect.NativeMethodAccessorImpl.invoke(NativeMethodAccessorImpl.java:62)
	at sun.reflect.DelegatingMethodAccessorImpl.invoke(DelegatingMethodAccessorImpl.java:43)
	at java.lang.reflect.Method.invoke(Method.java:498)
	at org.gradle.internal.dispatch.ReflectionDispatch.dispatch(ReflectionDispatch.java:36)
	at org.gradle.internal.dispatch.ReflectionDispatch.dispatch(ReflectionDispatch.java:24)
	at org.gradle.internal.dispatch.ContextClassLoaderDispatch.dispatch(ContextClassLoaderDispatch.java:33)
	at org.gradle.internal.dispatch.ProxyDispatchAdapter$DispatchingInvocationHandler.invoke(ProxyDispatchAdapter.java:92)
	at com.sun.proxy.$Proxy4.stop(Unknown Source)
	at org.gradle.api.internal.tasks.testing.worker.TestWorker$3.run(TestWorker.java:200)
	at org.gradle.api.internal.tasks.testing.worker.TestWorker.executeAndMaintainThreadName(TestWorker.java:132)
	at org.gradle.api.internal.tasks.testing.worker.TestWorker.execute(TestWorker.java:103)
	at org.gradle.api.internal.tasks.testing.worker.TestWorker.execute(TestWorker.java:63)
	at org.gradle.process.internal.worker.child.ActionExecutionWorker.execute(ActionExecutionWorker.java:56)
	at org.gradle.process.internal.worker.child.SystemApplicationClassLoaderWorker.call(SystemApplicationClassLoaderWorker.java:121)
	at org.gradle.process.internal.worker.child.SystemApplicationClassLoaderWorker.call(SystemApplicationClassLoaderWorker.java:71)
	at worker.org.gradle.process.internal.worker.GradleWorkerMain.run(GradleWorkerMain.java:69)
	at worker.org.gradle.process.internal.worker.GradleWorkerMain.main(GradleWorkerMain.java:74)
</failure>
  </testcase>
  <testcase name="testIsCaptured()" classname="inkball.BallTest" time="0.001">
    <failure message="java.lang.NullPointerException" type="java.lang.NullPointerException">java.lang.NullPointerException
	at inkball.App.loadLevel(App.java:218)
	at inkball.BallTest.beforeEach(BallTest.java:24)
	at sun.reflect.NativeMethodAccessorImpl.invoke0(Native Method)
	at sun.reflect.NativeMethodAccessorImpl.invoke(NativeMethodAccessorImpl.java:62)
	at sun.reflect.DelegatingMethodAccessorImpl.invoke(DelegatingMethodAccessorImpl.java:43)
	at java.lang.reflect.Method.invoke(Method.java:498)
	at org.junit.platform.commons.util.ReflectionUtils.invokeMethod(ReflectionUtils.java:686)
	at org.junit.jupiter.engine.execution.MethodInvocation.proceed(MethodInvocation.java:60)
	at org.junit.jupiter.engine.execution.InvocationInterceptorChain$ValidatingInvocation.proceed(InvocationInterceptorChain.java:131)
	at org.junit.jupiter.engine.extension.TimeoutExtension.intercept(TimeoutExtension.java:149)
	at org.junit.jupiter.engine.extension.TimeoutExtension.interceptLifecycleMethod(TimeoutExtension.java:126)
	at org.junit.jupiter.engine.extension.TimeoutExtension.interceptBeforeEachMethod(TimeoutExtension.java:76)
	at org.junit.jupiter.engine.execution.ExecutableInvoker$ReflectiveInterceptorCall.lambda$ofVoidMethod$0(ExecutableInvoker.java:115)
	at org.junit.jupiter.engine.execution.ExecutableInvoker.lambda$invoke$0(ExecutableInvoker.java:105)
	at org.junit.jupiter.engine.execution.InvocationInterceptorChain$InterceptedInvocation.proceed(InvocationInterceptorChain.java:106)
	at org.junit.jupiter.engine.execution.InvocationInterceptorChain.proceed(InvocationInterceptorChain.java:64)
	at org.junit.jupiter.engine.execution.InvocationInterceptorChain.chainAndInvoke(InvocationInterceptorChain.java:45)
	at org.junit.jupiter.engine.execution.InvocationInterceptorChain.invoke(InvocationInterceptorChain.java:37)
	at org.junit.jupiter.engine.execution.ExecutableInvoker.invoke(ExecutableInvoker.java:104)
	at org.junit.jupiter.engine.execution.ExecutableInvoker.invoke(ExecutableInvoker.java:98)
	at org.junit.jupiter.engine.descriptor.ClassBasedTestDescriptor.invokeMethodInExtensionContext(ClassBasedTestDescriptor.java:481)
	at org.junit.jupiter.engine.descriptor.ClassBasedTestDescriptor.lambda$synthesizeBeforeEachMethodAdapter$18(ClassBasedTestDescriptor.java:466)
	at org.junit.jupiter.engine.descriptor.TestMethodTestDescriptor.lambda$invokeBeforeEachMethods$2(TestMethodTestDescriptor.java:169)
	at org.junit.jupiter.engine.descriptor.TestMethodTestDescriptor.lambda$invokeBeforeMethodsOrCallbacksUntilExceptionOccurs$5(TestMethodTestDescriptor.java:197)
	at org.junit.platform.engine.support.hierarchical.ThrowableCollector.execute(ThrowableCollector.java:73)
	at org.junit.jupiter.engine.descriptor.TestMethodTestDescriptor.invokeBeforeMethodsOrCallbacksUntilExceptionOccurs(TestMethodTestDescriptor.java:197)
	at org.junit.jupiter.engine.descriptor.TestMethodTestDescriptor.invokeBeforeEachMethods(TestMethodTestDescriptor.java:166)
	at org.junit.jupiter.engine.descriptor.TestMethodTestDescriptor.execute(TestMethodTestDescriptor.java:133)
	at org.junit.jupiter.engine.descriptor.TestMethodTestDescriptor.execute(TestMethodTestDescriptor.java:71)
	at org.junit.platform.engine.support.hierarchical.NodeTestTask.lambda$executeRecursively$5(NodeTestTask.java:135)
	at org.junit.platform.engine.support.hierarchical.ThrowableCollector.execute(ThrowableCollector.java:73)
	at org.junit.platform.engine.support.hierarchical.NodeTestTask.lambda$executeRecursively$7(NodeTestTask.java:125)
	at org.junit.platform.engine.support.hierarchical.Node.around(Node.java:135)
	at org.junit.platform.engine.support.hierarchical.NodeTestTask.lambda$executeRecursively$8(NodeTestTask.java:123)
	at org.junit.platform.engine.support.hierarchical.ThrowableCollector.execute(ThrowableCollector.java:73)
	at org.junit.platform.engine.support.hierarchical.NodeTestTask.executeRecursively(NodeTestTask.java:122)
	at org.junit.platform.engine.support.hierarchical.NodeTestTask.execute(NodeTestTask.java:80)
	at java.util.ArrayList.forEach(ArrayList.java:1259)
	at org.junit.platform.engine.support.hierarchical.SameThreadHierarchicalTestExecutorService.invokeAll(SameThreadHierarchicalTestExecutorService.java:38)
	at org.junit.platform.engine.support.hierarchical.NodeTestTask.lambda$executeRecursively$5(NodeTestTask.java:139)
	at org.junit.platform.engine.support.hierarchical.ThrowableCollector.execute(ThrowableCollector.java:73)
	at org.junit.platform.engine.support.hierarchical.NodeTestTask.lambda$executeRecursively$7(NodeTestTask.java:125)
	at org.junit.platform.engine.support.hierarchical.Node.around(Node.java:135)
	at org.junit.platform.engine.support.hierarchical.NodeTestTask.lambda$executeRecursively$8(NodeTestTask.java:123)
	at org.junit.platform.engine.support.hierarchical.ThrowableCollector.execute(ThrowableCollector.java:73)
	at org.junit.platform.engine.support.hierarchical.NodeTestTask.executeRecursively(NodeTestTask.java:122)
	at org.junit.platform.engine.support.hierarchical.NodeTestTask.execute(NodeTestTask.java:80)
	at java.util.ArrayList.forEach(ArrayList.java:1259)
	at org.junit.platform.engine.support.hierarchical.SameThreadHierarchicalTestExecutorService.invokeAll(SameThreadHierarchicalTestExecutorService.java:38)
	at org.junit.platform.engine.support.hierarchical.NodeTestTask.lambda$executeRecursively$5(NodeTestTask.java:139)
	at org.junit.platform.engine.support.hierarchical.ThrowableCollector.execute(ThrowableCollector.java:73)
	at org.junit.platform.engine.support.hierarchical.NodeTestTask.lambda$executeRecursively$7(NodeTestTask.java:125)
	at org.junit.platform.engine.support.hierarchical.Node.around(Node.java:135)
	at org.junit.platform.engine.support.hierarchical.NodeTestTask.lambda$executeRecursively$8(NodeTestTask.java:123)
	at org.junit.platform.engine.support.hierarchical.ThrowableCollector.execute(ThrowableCollector.java:73)
	at org.junit.platform.engine.support.hierarchical.NodeTestTask.executeRecursively(NodeTestTask.java:122)
	at org.junit.platform.engine.support.hierarchical.NodeTestTask.execute(NodeTestTask.java:80)
	at org.junit.platform.engine.support.hierarchical.SameThreadHierarchicalTestExecutorService.submit(SameThreadHierarchicalTestExecutorService.java:32)
	at org.junit.platform.engine.support.hierarchical.HierarchicalTestExecutor.execute(HierarchicalTestExecutor.java:57)
	at org.junit.platform.engine.support.hierarchical.HierarchicalTestEngine.execute(HierarchicalTestEngine.java:51)
	at org.junit.platform.launcher.core.EngineExecutionOrchestrator.execute(EngineExecutionOrchestrator.java:107)
	at org.junit.platform.launcher.core.EngineExecutionOrchestrator.execute(EngineExecutionOrchestrator.java:88)
	at org.junit.platform.launcher.core.EngineExecutionOrchestrator.lambda$execute$0(EngineExecutionOrchestrator.java:54)
	at org.junit.platform.launcher.core.EngineExecutionOrchestrator.withInterceptedStreams(EngineExecutionOrchestrator.java:67)
	at org.junit.platform.launcher.core.EngineExecutionOrchestrator.execute(EngineExecutionOrchestrator.java:52)
	at org.junit.platform.launcher.core.DefaultLauncher.execute(DefaultLauncher.java:114)
	at org.junit.platform.launcher.core.DefaultLauncher.execute(DefaultLauncher.java:86)
	at org.junit.platform.launcher.core.DefaultLauncherSession$DelegatingLauncher.execute(DefaultLauncherSession.java:86)
	at org.gradle.api.internal.tasks.testing.junitplatform.JUnitPlatformTestClassProcessor$CollectAllTestClassesExecutor.processAllTestClasses(JUnitPlatformTestClassProcessor.java:124)
	at org.gradle.api.internal.tasks.testing.junitplatform.JUnitPlatformTestClassProcessor$CollectAllTestClassesExecutor.access$000(JUnitPlatformTestClassProcessor.java:99)
	at org.gradle.api.internal.tasks.testing.junitplatform.JUnitPlatformTestClassProcessor.stop(JUnitPlatformTestClassProcessor.java:94)
	at org.gradle.api.internal.tasks.testing.SuiteTestClassProcessor.stop(SuiteTestClassProcessor.java:63)
	at sun.reflect.NativeMethodAccessorImpl.invoke0(Native Method)
	at sun.reflect.NativeMethodAccessorImpl.invoke(NativeMethodAccessorImpl.java:62)
	at sun.reflect.DelegatingMethodAccessorImpl.invoke(DelegatingMethodAccessorImpl.java:43)
	at java.lang.reflect.Method.invoke(Method.java:498)
	at org.gradle.internal.dispatch.ReflectionDispatch.dispatch(ReflectionDispatch.java:36)
	at org.gradle.internal.dispatch.ReflectionDispatch.dispatch(ReflectionDispatch.java:24)
	at org.gradle.internal.dispatch.ContextClassLoaderDispatch.dispatch(ContextClassLoaderDispatch.java:33)
	at org.gradle.internal.dispatch.ProxyDispatchAdapter$DispatchingInvocationHandler.invoke(ProxyDispatchAdapter.java:92)
	at com.sun.proxy.$Proxy4.stop(Unknown Source)
	at org.gradle.api.internal.tasks.testing.worker.TestWorker$3.run(TestWorker.java:200)
	at org.gradle.api.internal.tasks.testing.worker.TestWorker.executeAndMaintainThreadName(TestWorker.java:132)
	at org.gradle.api.internal.tasks.testing.worker.TestWorker.execute(TestWorker.java:103)
	at org.gradle.api.internal.tasks.testing.worker.TestWorker.execute(TestWorker.java:63)
	at org.gradle.process.internal.worker.child.ActionExecutionWorker.execute(ActionExecutionWorker.java:56)
	at org.gradle.process.internal.worker.child.SystemApplicationClassLoaderWorker.call(SystemApplicationClassLoaderWorker.java:121)
	at org.gradle.process.internal.worker.child.SystemApplicationClassLoaderWorker.call(SystemApplicationClassLoaderWorker.java:71)
	at worker.org.gradle.process.internal.worker.GradleWorkerMain.run(GradleWorkerMain.java:69)
	at worker.org.gradle.process.internal.worker.GradleWorkerMain.main(GradleWorkerMain.java:74)
</failure>
  </testcase>
  <testcase name="testCap()" classname="inkball.BallTest" time="0.0">
    <failure message="java.lang.NullPointerException" type="java.lang.NullPointerException">java.lang.NullPointerException
	at inkball.App.loadLevel(App.java:224)
	at inkball.BallTest.beforeEach(BallTest.java:24)
	at sun.reflect.NativeMethodAccessorImpl.invoke0(Native Method)
	at sun.reflect.NativeMethodAccessorImpl.invoke(NativeMethodAccessorImpl.java:62)
	at sun.reflect.DelegatingMethodAccessorImpl.invoke(DelegatingMethodAccessorImpl.java:43)
	at java.lang.reflect.Method.invoke(Method.java:498)
	at org.junit.platform.commons.util.ReflectionUtils.invokeMethod(ReflectionUtils.java:686)
	at org.junit.jupiter.engine.execution.MethodInvocation.proceed(MethodInvocation.java:60)
	at org.junit.jupiter.engine.execution.InvocationInterceptorChain$ValidatingInvocation.proceed(InvocationInterceptorChain.java:131)
	at org.junit.jupiter.engine.extension.TimeoutExtension.intercept(TimeoutExtension.java:149)
	at org.junit.jupiter.engine.extension.TimeoutExtension.interceptLifecycleMethod(TimeoutExtension.java:126)
	at org.junit.jupiter.engine.extension.TimeoutExtension.interceptBeforeEachMethod(TimeoutExtension.java:76)
	at org.junit.jupiter.engine.execution.ExecutableInvoker$ReflectiveInterceptorCall.lambda$ofVoidMethod$0(ExecutableInvoker.java:115)
	at org.junit.jupiter.engine.execution.ExecutableInvoker.lambda$invoke$0(ExecutableInvoker.java:105)
	at org.junit.jupiter.engine.execution.InvocationInterceptorChain$InterceptedInvocation.proceed(InvocationInterceptorChain.java:106)
	at org.junit.jupiter.engine.execution.InvocationInterceptorChain.proceed(InvocationInterceptorChain.java:64)
	at org.junit.jupiter.engine.execution.InvocationInterceptorChain.chainAndInvoke(InvocationInterceptorChain.java:45)
	at org.junit.jupiter.engine.execution.InvocationInterceptorChain.invoke(InvocationInterceptorChain.java:37)
	at org.junit.jupiter.engine.execution.ExecutableInvoker.invoke(ExecutableInvoker.java:104)
	at org.junit.jupiter.engine.execution.ExecutableInvoker.invoke(ExecutableInvoker.java:98)
	at org.junit.jupiter.engine.descriptor.ClassBasedTestDescriptor.invokeMethodInExtensionContext(ClassBasedTestDescriptor.java:481)
	at org.junit.jupiter.engine.descriptor.ClassBasedTestDescriptor.lambda$synthesizeBeforeEachMethodAdapter$18(ClassBasedTestDescriptor.java:466)
	at org.junit.jupiter.engine.descriptor.TestMethodTestDescriptor.lambda$invokeBeforeEachMethods$2(TestMethodTestDescriptor.java:169)
	at org.junit.jupiter.engine.descriptor.TestMethodTestDescriptor.lambda$invokeBeforeMethodsOrCallbacksUntilExceptionOccurs$5(TestMethodTestDescriptor.java:197)
	at org.junit.platform.engine.support.hierarchical.ThrowableCollector.execute(ThrowableCollector.java:73)
	at org.junit.jupiter.engine.descriptor.TestMethodTestDescriptor.invokeBeforeMethodsOrCallbacksUntilExceptionOccurs(TestMethodTestDescriptor.java:197)
	at org.junit.jupiter.engine.descriptor.TestMethodTestDescriptor.invokeBeforeEachMethods(TestMethodTestDescriptor.java:166)
	at org.junit.jupiter.engine.descriptor.TestMethodTestDescriptor.execute(TestMethodTestDescriptor.java:133)
	at org.junit.jupiter.engine.descriptor.TestMethodTestDescriptor.execute(TestMethodTestDescriptor.java:71)
	at org.junit.platform.engine.support.hierarchical.NodeTestTask.lambda$executeRecursively$5(NodeTestTask.java:135)
	at org.junit.platform.engine.support.hierarchical.ThrowableCollector.execute(ThrowableCollector.java:73)
	at org.junit.platform.engine.support.hierarchical.NodeTestTask.lambda$executeRecursively$7(NodeTestTask.java:125)
	at org.junit.platform.engine.support.hierarchical.Node.around(Node.java:135)
	at org.junit.platform.engine.support.hierarchical.NodeTestTask.lambda$executeRecursively$8(NodeTestTask.java:123)
	at org.junit.platform.engine.support.hierarchical.ThrowableCollector.execute(ThrowableCollector.java:73)
	at org.junit.platform.engine.support.hierarchical.NodeTestTask.executeRecursively(NodeTestTask.java:122)
	at org.junit.platform.engine.support.hierarchical.NodeTestTask.execute(NodeTestTask.java:80)
	at java.util.ArrayList.forEach(ArrayList.java:1259)
	at org.junit.platform.engine.support.hierarchical.SameThreadHierarchicalTestExecutorService.invokeAll(SameThreadHierarchicalTestExecutorService.java:38)
	at org.junit.platform.engine.support.hierarchical.NodeTestTask.lambda$executeRecursively$5(NodeTestTask.java:139)
	at org.junit.platform.engine.support.hierarchical.ThrowableCollector.execute(ThrowableCollector.java:73)
	at org.junit.platform.engine.support.hierarchical.NodeTestTask.lambda$executeRecursively$7(NodeTestTask.java:125)
	at org.junit.platform.engine.support.hierarchical.Node.around(Node.java:135)
	at org.junit.platform.engine.support.hierarchical.NodeTestTask.lambda$executeRecursively$8(NodeTestTask.java:123)
	at org.junit.platform.engine.support.hierarchical.ThrowableCollector.execute(ThrowableCollector.java:73)
	at org.junit.platform.engine.support.hierarchical.NodeTestTask.executeRecursively(NodeTestTask.java:122)
	at org.junit.platform.engine.support.hierarchical.NodeTestTask.execute(NodeTestTask.java:80)
	at java.util.ArrayList.forEach(ArrayList.java:1259)
	at org.junit.platform.engine.support.hierarchical.SameThreadHierarchicalTestExecutorService.invokeAll(SameThreadHierarchicalTestExecutorService.java:38)
	at org.junit.platform.engine.support.hierarchical.NodeTestTask.lambda$executeRecursively$5(NodeTestTask.java:139)
	at org.junit.platform.engine.support.hierarchical.ThrowableCollector.execute(ThrowableCollector.java:73)
	at org.junit.platform.engine.support.hierarchical.NodeTestTask.lambda$executeRecursively$7(NodeTestTask.java:125)
	at org.junit.platform.engine.support.hierarchical.Node.around(Node.java:135)
	at org.junit.platform.engine.support.hierarchical.NodeTestTask.lambda$executeRecursively$8(NodeTestTask.java:123)
	at org.junit.platform.engine.support.hierarchical.ThrowableCollector.execute(ThrowableCollector.java:73)
	at org.junit.platform.engine.support.hierarchical.NodeTestTask.executeRecursively(NodeTestTask.java:122)
	at org.junit.platform.engine.support.hierarchical.NodeTestTask.execute(NodeTestTask.java:80)
	at org.junit.platform.engine.support.hierarchical.SameThreadHierarchicalTestExecutorService.submit(SameThreadHierarchicalTestExecutorService.java:32)
	at org.junit.platform.engine.support.hierarchical.HierarchicalTestExecutor.execute(HierarchicalTestExecutor.java:57)
	at org.junit.platform.engine.support.hierarchical.HierarchicalTestEngine.execute(HierarchicalTestEngine.java:51)
	at org.junit.platform.launcher.core.EngineExecutionOrchestrator.execute(EngineExecutionOrchestrator.java:107)
	at org.junit.platform.launcher.core.EngineExecutionOrchestrator.execute(EngineExecutionOrchestrator.java:88)
	at org.junit.platform.launcher.core.EngineExecutionOrchestrator.lambda$execute$0(EngineExecutionOrchestrator.java:54)
	at org.junit.platform.launcher.core.EngineExecutionOrchestrator.withInterceptedStreams(EngineExecutionOrchestrator.java:67)
	at org.junit.platform.launcher.core.EngineExecutionOrchestrator.execute(EngineExecutionOrchestrator.java:52)
	at org.junit.platform.launcher.core.DefaultLauncher.execute(DefaultLauncher.java:114)
	at org.junit.platform.launcher.core.DefaultLauncher.execute(DefaultLauncher.java:86)
	at org.junit.platform.launcher.core.DefaultLauncherSession$DelegatingLauncher.execute(DefaultLauncherSession.java:86)
	at org.gradle.api.internal.tasks.testing.junitplatform.JUnitPlatformTestClassProcessor$CollectAllTestClassesExecutor.processAllTestClasses(JUnitPlatformTestClassProcessor.java:124)
	at org.gradle.api.internal.tasks.testing.junitplatform.JUnitPlatformTestClassProcessor$CollectAllTestClassesExecutor.access$000(JUnitPlatformTestClassProcessor.java:99)
	at org.gradle.api.internal.tasks.testing.junitplatform.JUnitPlatformTestClassProcessor.stop(JUnitPlatformTestClassProcessor.java:94)
	at org.gradle.api.internal.tasks.testing.SuiteTestClassProcessor.stop(SuiteTestClassProcessor.java:63)
	at sun.reflect.NativeMethodAccessorImpl.invoke0(Native Method)
	at sun.reflect.NativeMethodAccessorImpl.invoke(NativeMethodAccessorImpl.java:62)
	at sun.reflect.DelegatingMethodAccessorImpl.invoke(DelegatingMethodAccessorImpl.java:43)
	at java.lang.reflect.Method.invoke(Method.java:498)
	at org.gradle.internal.dispatch.ReflectionDispatch.dispatch(ReflectionDispatch.java:36)
	at org.gradle.internal.dispatch.ReflectionDispatch.dispatch(ReflectionDispatch.java:24)
	at org.gradle.internal.dispatch.ContextClassLoaderDispatch.dispatch(ContextClassLoaderDispatch.java:33)
	at org.gradle.internal.dispatch.ProxyDispatchAdapter$DispatchingInvocationHandler.invoke(ProxyDispatchAdapter.java:92)
	at com.sun.proxy.$Proxy4.stop(Unknown Source)
	at org.gradle.api.internal.tasks.testing.worker.TestWorker$3.run(TestWorker.java:200)
	at org.gradle.api.internal.tasks.testing.worker.TestWorker.executeAndMaintainThreadName(TestWorker.java:132)
	at org.gradle.api.internal.tasks.testing.worker.TestWorker.execute(TestWorker.java:103)
	at org.gradle.api.internal.tasks.testing.worker.TestWorker.execute(TestWorker.java:63)
	at org.gradle.process.internal.worker.child.ActionExecutionWorker.execute(ActionExecutionWorker.java:56)
	at org.gradle.process.internal.worker.child.SystemApplicationClassLoaderWorker.call(SystemApplicationClassLoaderWorker.java:121)
	at org.gradle.process.internal.worker.child.SystemApplicationClassLoaderWorker.call(SystemApplicationClassLoaderWorker.java:71)
	at worker.org.gradle.process.internal.worker.GradleWorkerMain.run(GradleWorkerMain.java:69)
	at worker.org.gradle.process.internal.worker.GradleWorkerMain.main(GradleWorkerMain.java:74)
</failure>
  </testcase>
  <testcase name="testMovingIntoHole()" classname="inkball.BallTest" time="0.019">
    <failure message="org.opentest4j.AssertionFailedError: Ball should be captured after moving into a hole. ==&gt; expected: &lt;true&gt; but was: &lt;false&gt;" type="org.opentest4j.AssertionFailedError">org.opentest4j.AssertionFailedError: Ball should be captured after moving into a hole. ==&gt; expected: &lt;true&gt; but was: &lt;false&gt;
	at org.junit.jupiter.api.AssertionUtils.fail(AssertionUtils.java:55)
	at org.junit.jupiter.api.AssertTrue.assertTrue(AssertTrue.java:40)
	at org.junit.jupiter.api.Assertions.assertTrue(Assertions.java:193)
	at inkball.BallTest.testMovingIntoHole(BallTest.java:33)
	at sun.reflect.NativeMethodAccessorImpl.invoke0(Native Method)
	at sun.reflect.NativeMethodAccessorImpl.invoke(NativeMethodAccessorImpl.java:62)
	at sun.reflect.DelegatingMethodAccessorImpl.invoke(DelegatingMethodAccessorImpl.java:43)
	at java.lang.reflect.Method.invoke(Method.java:498)
	at org.junit.platform.commons.util.ReflectionUtils.invokeMethod(ReflectionUtils.java:686)
	at org.junit.jupiter.engine.execution.MethodInvocation.proceed(MethodInvocation.java:60)
	at org.junit.jupiter.engine.execution.InvocationInterceptorChain$ValidatingInvocation.proceed(InvocationInterceptorChain.java:131)
	at org.junit.jupiter.engine.extension.TimeoutExtension.intercept(TimeoutExtension.java:149)
	at org.junit.jupiter.engine.extension.TimeoutExtension.interceptTestableMethod(TimeoutExtension.java:140)
	at org.junit.jupiter.engine.extension.TimeoutExtension.interceptTestMethod(TimeoutExtension.java:84)
	at org.junit.jupiter.engine.execution.ExecutableInvoker$ReflectiveInterceptorCall.lambda$ofVoidMethod$0(ExecutableInvoker.java:115)
	at org.junit.jupiter.engine.execution.ExecutableInvoker.lambda$invoke$0(ExecutableInvoker.java:105)
	at org.junit.jupiter.engine.execution.InvocationInterceptorChain$InterceptedInvocation.proceed(InvocationInterceptorChain.java:106)
	at org.junit.jupiter.engine.execution.InvocationInterceptorChain.proceed(InvocationInterceptorChain.java:64)
	at org.junit.jupiter.engine.execution.InvocationInterceptorChain.chainAndInvoke(InvocationInterceptorChain.java:45)
	at org.junit.jupiter.engine.execution.InvocationInterceptorChain.invoke(InvocationInterceptorChain.java:37)
	at org.junit.jupiter.engine.execution.ExecutableInvoker.invoke(ExecutableInvoker.java:104)
	at org.junit.jupiter.engine.execution.ExecutableInvoker.invoke(ExecutableInvoker.java:98)
	at org.junit.jupiter.engine.descriptor.TestMethodTestDescriptor.lambda$invokeTestMethod$6(TestMethodTestDescriptor.java:212)
	at org.junit.platform.engine.support.hierarchical.ThrowableCollector.execute(ThrowableCollector.java:73)
	at org.junit.jupiter.engine.descriptor.TestMethodTestDescriptor.invokeTestMethod(TestMethodTestDescriptor.java:208)
	at org.junit.jupiter.engine.descriptor.TestMethodTestDescriptor.execute(TestMethodTestDescriptor.java:137)
	at org.junit.jupiter.engine.descriptor.TestMethodTestDescriptor.execute(TestMethodTestDescriptor.java:71)
	at org.junit.platform.engine.support.hierarchical.NodeTestTask.lambda$executeRecursively$5(NodeTestTask.java:135)
	at org.junit.platform.engine.support.hierarchical.ThrowableCollector.execute(ThrowableCollector.java:73)
	at org.junit.platform.engine.support.hierarchical.NodeTestTask.lambda$executeRecursively$7(NodeTestTask.java:125)
	at org.junit.platform.engine.support.hierarchical.Node.around(Node.java:135)
	at org.junit.platform.engine.support.hierarchical.NodeTestTask.lambda$executeRecursively$8(NodeTestTask.java:123)
	at org.junit.platform.engine.support.hierarchical.ThrowableCollector.execute(ThrowableCollector.java:73)
	at org.junit.platform.engine.support.hierarchical.NodeTestTask.executeRecursively(NodeTestTask.java:122)
	at org.junit.platform.engine.support.hierarchical.NodeTestTask.execute(NodeTestTask.java:80)
	at java.util.ArrayList.forEach(ArrayList.java:1259)
	at org.junit.platform.engine.support.hierarchical.SameThreadHierarchicalTestExecutorService.invokeAll(SameThreadHierarchicalTestExecutorService.java:38)
	at org.junit.platform.engine.support.hierarchical.NodeTestTask.lambda$executeRecursively$5(NodeTestTask.java:139)
	at org.junit.platform.engine.support.hierarchical.ThrowableCollector.execute(ThrowableCollector.java:73)
	at org.junit.platform.engine.support.hierarchical.NodeTestTask.lambda$executeRecursively$7(NodeTestTask.java:125)
	at org.junit.platform.engine.support.hierarchical.Node.around(Node.java:135)
	at org.junit.platform.engine.support.hierarchical.NodeTestTask.lambda$executeRecursively$8(NodeTestTask.java:123)
	at org.junit.platform.engine.support.hierarchical.ThrowableCollector.execute(ThrowableCollector.java:73)
	at org.junit.platform.engine.support.hierarchical.NodeTestTask.executeRecursively(NodeTestTask.java:122)
	at org.junit.platform.engine.support.hierarchical.NodeTestTask.execute(NodeTestTask.java:80)
	at java.util.ArrayList.forEach(ArrayList.java:1259)
	at org.junit.platform.engine.support.hierarchical.SameThreadHierarchicalTestExecutorService.invokeAll(SameThreadHierarchicalTestExecutorService.java:38)
	at org.junit.platform.engine.support.hierarchical.NodeTestTask.lambda$executeRecursively$5(NodeTestTask.java:139)
	at org.junit.platform.engine.support.hierarchical.ThrowableCollector.execute(ThrowableCollector.java:73)
	at org.junit.platform.engine.support.hierarchical.NodeTestTask.lambda$executeRecursively$7(NodeTestTask.java:125)
	at org.junit.platform.engine.support.hierarchical.Node.around(Node.java:135)
	at org.junit.platform.engine.support.hierarchical.NodeTestTask.lambda$executeRecursively$8(NodeTestTask.java:123)
	at org.junit.platform.engine.support.hierarchical.ThrowableCollector.execute(ThrowableCollector.java:73)
	at org.junit.platform.engine.support.hierarchical.NodeTestTask.executeRecursively(NodeTestTask.java:122)
	at org.junit.platform.engine.support.hierarchical.NodeTestTask.execute(NodeTestTask.java:80)
	at org.junit.platform.engine.support.hierarchical.SameThreadHierarchicalTestExecutorService.submit(SameThreadHierarchicalTestExecutorService.java:32)
	at org.junit.platform.engine.support.hierarchical.HierarchicalTestExecutor.execute(HierarchicalTestExecutor.java:57)
	at org.junit.platform.engine.support.hierarchical.HierarchicalTestEngine.execute(HierarchicalTestEngine.java:51)
	at org.junit.platform.launcher.core.EngineExecutionOrchestrator.execute(EngineExecutionOrchestrator.java:107)
	at org.junit.platform.launcher.core.EngineExecutionOrchestrator.execute(EngineExecutionOrchestrator.java:88)
	at org.junit.platform.launcher.core.EngineExecutionOrchestrator.lambda$execute$0(EngineExecutionOrchestrator.java:54)
	at org.junit.platform.launcher.core.EngineExecutionOrchestrator.withInterceptedStreams(EngineExecutionOrchestrator.java:67)
	at org.junit.platform.launcher.core.EngineExecutionOrchestrator.execute(EngineExecutionOrchestrator.java:52)
	at org.junit.platform.launcher.core.DefaultLauncher.execute(DefaultLauncher.java:114)
	at org.junit.platform.launcher.core.DefaultLauncher.execute(DefaultLauncher.java:86)
	at org.junit.platform.launcher.core.DefaultLauncherSession$DelegatingLauncher.execute(DefaultLauncherSession.java:86)
	at org.gradle.api.internal.tasks.testing.junitplatform.JUnitPlatformTestClassProcessor$CollectAllTestClassesExecutor.processAllTestClasses(JUnitPlatformTestClassProcessor.java:124)
	at org.gradle.api.internal.tasks.testing.junitplatform.JUnitPlatformTestClassProcessor$CollectAllTestClassesExecutor.access$000(JUnitPlatformTestClassProcessor.java:99)
	at org.gradle.api.internal.tasks.testing.junitplatform.JUnitPlatformTestClassProcessor.stop(JUnitPlatformTestClassProcessor.java:94)
	at org.gradle.api.internal.tasks.testing.SuiteTestClassProcessor.stop(SuiteTestClassProcessor.java:63)
	at sun.reflect.NativeMethodAccessorImpl.invoke0(Native Method)
	at sun.reflect.NativeMethodAccessorImpl.invoke(NativeMethodAccessorImpl.java:62)
	at sun.reflect.DelegatingMethodAccessorImpl.invoke(DelegatingMethodAccessorImpl.java:43)
	at java.lang.reflect.Method.invoke(Method.java:498)
	at org.gradle.internal.dispatch.ReflectionDispatch.dispatch(ReflectionDispatch.java:36)
	at org.gradle.internal.dispatch.ReflectionDispatch.dispatch(ReflectionDispatch.java:24)
	at org.gradle.internal.dispatch.ContextClassLoaderDispatch.dispatch(ContextClassLoaderDispatch.java:33)
	at org.gradle.internal.dispatch.ProxyDispatchAdapter$DispatchingInvocationHandler.invoke(ProxyDispatchAdapter.java:92)
	at com.sun.proxy.$Proxy4.stop(Unknown Source)
	at org.gradle.api.internal.tasks.testing.worker.TestWorker$3.run(TestWorker.java:200)
	at org.gradle.api.internal.tasks.testing.worker.TestWorker.executeAndMaintainThreadName(TestWorker.java:132)
	at org.gradle.api.internal.tasks.testing.worker.TestWorker.execute(TestWorker.java:103)
	at org.gradle.api.internal.tasks.testing.worker.TestWorker.execute(TestWorker.java:63)
	at org.gradle.process.internal.worker.child.ActionExecutionWorker.execute(ActionExecutionWorker.java:56)
	at org.gradle.process.internal.worker.child.SystemApplicationClassLoaderWorker.call(SystemApplicationClassLoaderWorker.java:121)
	at org.gradle.process.internal.worker.child.SystemApplicationClassLoaderWorker.call(SystemApplicationClassLoaderWorker.java:71)
	at worker.org.gradle.process.internal.worker.GradleWorkerMain.run(GradleWorkerMain.java:69)
	at worker.org.gradle.process.internal.worker.GradleWorkerMain.main(GradleWorkerMain.java:74)
</failure>
  </testcase>
  <testcase name="testDraw()" classname="inkball.BallTest" time="0.016"/>
  <testcase name="testBallConstructor()" classname="inkball.BallTest" time="0.025">
    <failure message="org.opentest4j.AssertionFailedError: Y position should be set correctly. ==&gt; expected: &lt;200.0&gt; but was: &lt;264.0&gt;" type="org.opentest4j.AssertionFailedError">org.opentest4j.AssertionFailedError: Y position should be set correctly. ==&gt; expected: &lt;200.0&gt; but was: &lt;264.0&gt;
	at org.junit.jupiter.api.AssertionUtils.fail(AssertionUtils.java:55)
	at org.junit.jupiter.api.AssertionUtils.failNotEqual(AssertionUtils.java:62)
	at org.junit.jupiter.api.AssertEquals.assertEquals(AssertEquals.java:102)
	at org.junit.jupiter.api.Assertions.assertEquals(Assertions.java:754)
	at inkball.BallTest.testBallConstructor(BallTest.java:116)
	at sun.reflect.NativeMethodAccessorImpl.invoke0(Native Method)
	at sun.reflect.NativeMethodAccessorImpl.invoke(NativeMethodAccessorImpl.java:62)
	at sun.reflect.DelegatingMethodAccessorImpl.invoke(DelegatingMethodAccessorImpl.java:43)
	at java.lang.reflect.Method.invoke(Method.java:498)
	at org.junit.platform.commons.util.ReflectionUtils.invokeMethod(ReflectionUtils.java:686)
	at org.junit.jupiter.engine.execution.MethodInvocation.proceed(MethodInvocation.java:60)
	at org.junit.jupiter.engine.execution.InvocationInterceptorChain$ValidatingInvocation.proceed(InvocationInterceptorChain.java:131)
	at org.junit.jupiter.engine.extension.TimeoutExtension.intercept(TimeoutExtension.java:149)
	at org.junit.jupiter.engine.extension.TimeoutExtension.interceptTestableMethod(TimeoutExtension.java:140)
	at org.junit.jupiter.engine.extension.TimeoutExtension.interceptTestMethod(TimeoutExtension.java:84)
	at org.junit.jupiter.engine.execution.ExecutableInvoker$ReflectiveInterceptorCall.lambda$ofVoidMethod$0(ExecutableInvoker.java:115)
	at org.junit.jupiter.engine.execution.ExecutableInvoker.lambda$invoke$0(ExecutableInvoker.java:105)
	at org.junit.jupiter.engine.execution.InvocationInterceptorChain$InterceptedInvocation.proceed(InvocationInterceptorChain.java:106)
	at org.junit.jupiter.engine.execution.InvocationInterceptorChain.proceed(InvocationInterceptorChain.java:64)
	at org.junit.jupiter.engine.execution.InvocationInterceptorChain.chainAndInvoke(InvocationInterceptorChain.java:45)
	at org.junit.jupiter.engine.execution.InvocationInterceptorChain.invoke(InvocationInterceptorChain.java:37)
	at org.junit.jupiter.engine.execution.ExecutableInvoker.invoke(ExecutableInvoker.java:104)
	at org.junit.jupiter.engine.execution.ExecutableInvoker.invoke(ExecutableInvoker.java:98)
	at org.junit.jupiter.engine.descriptor.TestMethodTestDescriptor.lambda$invokeTestMethod$6(TestMethodTestDescriptor.java:212)
	at org.junit.platform.engine.support.hierarchical.ThrowableCollector.execute(ThrowableCollector.java:73)
	at org.junit.jupiter.engine.descriptor.TestMethodTestDescriptor.invokeTestMethod(TestMethodTestDescriptor.java:208)
	at org.junit.jupiter.engine.descriptor.TestMethodTestDescriptor.execute(TestMethodTestDescriptor.java:137)
	at org.junit.jupiter.engine.descriptor.TestMethodTestDescriptor.execute(TestMethodTestDescriptor.java:71)
	at org.junit.platform.engine.support.hierarchical.NodeTestTask.lambda$executeRecursively$5(NodeTestTask.java:135)
	at org.junit.platform.engine.support.hierarchical.ThrowableCollector.execute(ThrowableCollector.java:73)
	at org.junit.platform.engine.support.hierarchical.NodeTestTask.lambda$executeRecursively$7(NodeTestTask.java:125)
	at org.junit.platform.engine.support.hierarchical.Node.around(Node.java:135)
	at org.junit.platform.engine.support.hierarchical.NodeTestTask.lambda$executeRecursively$8(NodeTestTask.java:123)
	at org.junit.platform.engine.support.hierarchical.ThrowableCollector.execute(ThrowableCollector.java:73)
	at org.junit.platform.engine.support.hierarchical.NodeTestTask.executeRecursively(NodeTestTask.java:122)
	at org.junit.platform.engine.support.hierarchical.NodeTestTask.execute(NodeTestTask.java:80)
	at java.util.ArrayList.forEach(ArrayList.java:1259)
	at org.junit.platform.engine.support.hierarchical.SameThreadHierarchicalTestExecutorService.invokeAll(SameThreadHierarchicalTestExecutorService.java:38)
	at org.junit.platform.engine.support.hierarchical.NodeTestTask.lambda$executeRecursively$5(NodeTestTask.java:139)
	at org.junit.platform.engine.support.hierarchical.ThrowableCollector.execute(ThrowableCollector.java:73)
	at org.junit.platform.engine.support.hierarchical.NodeTestTask.lambda$executeRecursively$7(NodeTestTask.java:125)
	at org.junit.platform.engine.support.hierarchical.Node.around(Node.java:135)
	at org.junit.platform.engine.support.hierarchical.NodeTestTask.lambda$executeRecursively$8(NodeTestTask.java:123)
	at org.junit.platform.engine.support.hierarchical.ThrowableCollector.execute(ThrowableCollector.java:73)
	at org.junit.platform.engine.support.hierarchical.NodeTestTask.executeRecursively(NodeTestTask.java:122)
	at org.junit.platform.engine.support.hierarchical.NodeTestTask.execute(NodeTestTask.java:80)
	at java.util.ArrayList.forEach(ArrayList.java:1259)
	at org.junit.platform.engine.support.hierarchical.SameThreadHierarchicalTestExecutorService.invokeAll(SameThreadHierarchicalTestExecutorService.java:38)
	at org.junit.platform.engine.support.hierarchical.NodeTestTask.lambda$executeRecursively$5(NodeTestTask.java:139)
	at org.junit.platform.engine.support.hierarchical.ThrowableCollector.execute(ThrowableCollector.java:73)
	at org.junit.platform.engine.support.hierarchical.NodeTestTask.lambda$executeRecursively$7(NodeTestTask.java:125)
	at org.junit.platform.engine.support.hierarchical.Node.around(Node.java:135)
	at org.junit.platform.engine.support.hierarchical.NodeTestTask.lambda$executeRecursively$8(NodeTestTask.java:123)
	at org.junit.platform.engine.support.hierarchical.ThrowableCollector.execute(ThrowableCollector.java:73)
	at org.junit.platform.engine.support.hierarchical.NodeTestTask.executeRecursively(NodeTestTask.java:122)
	at org.junit.platform.engine.support.hierarchical.NodeTestTask.execute(NodeTestTask.java:80)
	at org.junit.platform.engine.support.hierarchical.SameThreadHierarchicalTestExecutorService.submit(SameThreadHierarchicalTestExecutorService.java:32)
	at org.junit.platform.engine.support.hierarchical.HierarchicalTestExecutor.execute(HierarchicalTestExecutor.java:57)
	at org.junit.platform.engine.support.hierarchical.HierarchicalTestEngine.execute(HierarchicalTestEngine.java:51)
	at org.junit.platform.launcher.core.EngineExecutionOrchestrator.execute(EngineExecutionOrchestrator.java:107)
	at org.junit.platform.launcher.core.EngineExecutionOrchestrator.execute(EngineExecutionOrchestrator.java:88)
	at org.junit.platform.launcher.core.EngineExecutionOrchestrator.lambda$execute$0(EngineExecutionOrchestrator.java:54)
	at org.junit.platform.launcher.core.EngineExecutionOrchestrator.withInterceptedStreams(EngineExecutionOrchestrator.java:67)
	at org.junit.platform.launcher.core.EngineExecutionOrchestrator.execute(EngineExecutionOrchestrator.java:52)
	at org.junit.platform.launcher.core.DefaultLauncher.execute(DefaultLauncher.java:114)
	at org.junit.platform.launcher.core.DefaultLauncher.execute(DefaultLauncher.java:86)
	at org.junit.platform.launcher.core.DefaultLauncherSession$DelegatingLauncher.execute(DefaultLauncherSession.java:86)
	at org.gradle.api.internal.tasks.testing.junitplatform.JUnitPlatformTestClassProcessor$CollectAllTestClassesExecutor.processAllTestClasses(JUnitPlatformTestClassProcessor.java:124)
	at org.gradle.api.internal.tasks.testing.junitplatform.JUnitPlatformTestClassProcessor$CollectAllTestClassesExecutor.access$000(JUnitPlatformTestClassProcessor.java:99)
	at org.gradle.api.internal.tasks.testing.junitplatform.JUnitPlatformTestClassProcessor.stop(JUnitPlatformTestClassProcessor.java:94)
	at org.gradle.api.internal.tasks.testing.SuiteTestClassProcessor.stop(SuiteTestClassProcessor.java:63)
	at sun.reflect.NativeMethodAccessorImpl.invoke0(Native Method)
	at sun.reflect.NativeMethodAccessorImpl.invoke(NativeMethodAccessorImpl.java:62)
	at sun.reflect.DelegatingMethodAccessorImpl.invoke(DelegatingMethodAccessorImpl.java:43)
	at java.lang.reflect.Method.invoke(Method.java:498)
	at org.gradle.internal.dispatch.ReflectionDispatch.dispatch(ReflectionDispatch.java:36)
	at org.gradle.internal.dispatch.ReflectionDispatch.dispatch(ReflectionDispatch.java:24)
	at org.gradle.internal.dispatch.ContextClassLoaderDispatch.dispatch(ContextClassLoaderDispatch.java:33)
	at org.gradle.internal.dispatch.ProxyDispatchAdapter$DispatchingInvocationHandler.invoke(ProxyDispatchAdapter.java:92)
	at com.sun.proxy.$Proxy4.stop(Unknown Source)
	at org.gradle.api.internal.tasks.testing.worker.TestWorker$3.run(TestWorker.java:200)
	at org.gradle.api.internal.tasks.testing.worker.TestWorker.executeAndMaintainThreadName(TestWorker.java:132)
	at org.gradle.api.internal.tasks.testing.worker.TestWorker.execute(TestWorker.java:103)
	at org.gradle.api.internal.tasks.testing.worker.TestWorker.execute(TestWorker.java:63)
	at org.gradle.process.internal.worker.child.ActionExecutionWorker.execute(ActionExecutionWorker.java:56)
	at org.gradle.process.internal.worker.child.SystemApplicationClassLoaderWorker.call(SystemApplicationClassLoaderWorker.java:121)
	at org.gradle.process.internal.worker.child.SystemApplicationClassLoaderWorker.call(SystemApplicationClassLoaderWorker.java:71)
	at worker.org.gradle.process.internal.worker.GradleWorkerMain.run(GradleWorkerMain.java:69)
	at worker.org.gradle.process.internal.worker.GradleWorkerMain.main(GradleWorkerMain.java:74)
</failure>
  </testcase>
  <testcase name="testFinishCatching()" classname="inkball.BallTest" time="0.02">
    <failure message="java.lang.NullPointerException" type="java.lang.NullPointerException">java.lang.NullPointerException
	at inkball.Ball.checkHoleInside(Ball.java:306)
	at inkball.Ball.finishCatching(Ball.java:340)
	at inkball.BallTest.testFinishCatching(BallTest.java:62)
	at sun.reflect.NativeMethodAccessorImpl.invoke0(Native Method)
	at sun.reflect.NativeMethodAccessorImpl.invoke(NativeMethodAccessorImpl.java:62)
	at sun.reflect.DelegatingMethodAccessorImpl.invoke(DelegatingMethodAccessorImpl.java:43)
	at java.lang.reflect.Method.invoke(Method.java:498)
	at org.junit.platform.commons.util.ReflectionUtils.invokeMethod(ReflectionUtils.java:686)
	at org.junit.jupiter.engine.execution.MethodInvocation.proceed(MethodInvocation.java:60)
	at org.junit.jupiter.engine.execution.InvocationInterceptorChain$ValidatingInvocation.proceed(InvocationInterceptorChain.java:131)
	at org.junit.jupiter.engine.extension.TimeoutExtension.intercept(TimeoutExtension.java:149)
	at org.junit.jupiter.engine.extension.TimeoutExtension.interceptTestableMethod(TimeoutExtension.java:140)
	at org.junit.jupiter.engine.extension.TimeoutExtension.interceptTestMethod(TimeoutExtension.java:84)
	at org.junit.jupiter.engine.execution.ExecutableInvoker$ReflectiveInterceptorCall.lambda$ofVoidMethod$0(ExecutableInvoker.java:115)
	at org.junit.jupiter.engine.execution.ExecutableInvoker.lambda$invoke$0(ExecutableInvoker.java:105)
	at org.junit.jupiter.engine.execution.InvocationInterceptorChain$InterceptedInvocation.proceed(InvocationInterceptorChain.java:106)
	at org.junit.jupiter.engine.execution.InvocationInterceptorChain.proceed(InvocationInterceptorChain.java:64)
	at org.junit.jupiter.engine.execution.InvocationInterceptorChain.chainAndInvoke(InvocationInterceptorChain.java:45)
	at org.junit.jupiter.engine.execution.InvocationInterceptorChain.invoke(InvocationInterceptorChain.java:37)
	at org.junit.jupiter.engine.execution.ExecutableInvoker.invoke(ExecutableInvoker.java:104)
	at org.junit.jupiter.engine.execution.ExecutableInvoker.invoke(ExecutableInvoker.java:98)
	at org.junit.jupiter.engine.descriptor.TestMethodTestDescriptor.lambda$invokeTestMethod$6(TestMethodTestDescriptor.java:212)
	at org.junit.platform.engine.support.hierarchical.ThrowableCollector.execute(ThrowableCollector.java:73)
	at org.junit.jupiter.engine.descriptor.TestMethodTestDescriptor.invokeTestMethod(TestMethodTestDescriptor.java:208)
	at org.junit.jupiter.engine.descriptor.TestMethodTestDescriptor.execute(TestMethodTestDescriptor.java:137)
	at org.junit.jupiter.engine.descriptor.TestMethodTestDescriptor.execute(TestMethodTestDescriptor.java:71)
	at org.junit.platform.engine.support.hierarchical.NodeTestTask.lambda$executeRecursively$5(NodeTestTask.java:135)
	at org.junit.platform.engine.support.hierarchical.ThrowableCollector.execute(ThrowableCollector.java:73)
	at org.junit.platform.engine.support.hierarchical.NodeTestTask.lambda$executeRecursively$7(NodeTestTask.java:125)
	at org.junit.platform.engine.support.hierarchical.Node.around(Node.java:135)
	at org.junit.platform.engine.support.hierarchical.NodeTestTask.lambda$executeRecursively$8(NodeTestTask.java:123)
	at org.junit.platform.engine.support.hierarchical.ThrowableCollector.execute(ThrowableCollector.java:73)
	at org.junit.platform.engine.support.hierarchical.NodeTestTask.executeRecursively(NodeTestTask.java:122)
	at org.junit.platform.engine.support.hierarchical.NodeTestTask.execute(NodeTestTask.java:80)
	at java.util.ArrayList.forEach(ArrayList.java:1259)
	at org.junit.platform.engine.support.hierarchical.SameThreadHierarchicalTestExecutorService.invokeAll(SameThreadHierarchicalTestExecutorService.java:38)
	at org.junit.platform.engine.support.hierarchical.NodeTestTask.lambda$executeRecursively$5(NodeTestTask.java:139)
	at org.junit.platform.engine.support.hierarchical.ThrowableCollector.execute(ThrowableCollector.java:73)
	at org.junit.platform.engine.support.hierarchical.NodeTestTask.lambda$executeRecursively$7(NodeTestTask.java:125)
	at org.junit.platform.engine.support.hierarchical.Node.around(Node.java:135)
	at org.junit.platform.engine.support.hierarchical.NodeTestTask.lambda$executeRecursively$8(NodeTestTask.java:123)
	at org.junit.platform.engine.support.hierarchical.ThrowableCollector.execute(ThrowableCollector.java:73)
	at org.junit.platform.engine.support.hierarchical.NodeTestTask.executeRecursively(NodeTestTask.java:122)
	at org.junit.platform.engine.support.hierarchical.NodeTestTask.execute(NodeTestTask.java:80)
	at java.util.ArrayList.forEach(ArrayList.java:1259)
	at org.junit.platform.engine.support.hierarchical.SameThreadHierarchicalTestExecutorService.invokeAll(SameThreadHierarchicalTestExecutorService.java:38)
	at org.junit.platform.engine.support.hierarchical.NodeTestTask.lambda$executeRecursively$5(NodeTestTask.java:139)
	at org.junit.platform.engine.support.hierarchical.ThrowableCollector.execute(ThrowableCollector.java:73)
	at org.junit.platform.engine.support.hierarchical.NodeTestTask.lambda$executeRecursively$7(NodeTestTask.java:125)
	at org.junit.platform.engine.support.hierarchical.Node.around(Node.java:135)
	at org.junit.platform.engine.support.hierarchical.NodeTestTask.lambda$executeRecursively$8(NodeTestTask.java:123)
	at org.junit.platform.engine.support.hierarchical.ThrowableCollector.execute(ThrowableCollector.java:73)
	at org.junit.platform.engine.support.hierarchical.NodeTestTask.executeRecursively(NodeTestTask.java:122)
	at org.junit.platform.engine.support.hierarchical.NodeTestTask.execute(NodeTestTask.java:80)
	at org.junit.platform.engine.support.hierarchical.SameThreadHierarchicalTestExecutorService.submit(SameThreadHierarchicalTestExecutorService.java:32)
	at org.junit.platform.engine.support.hierarchical.HierarchicalTestExecutor.execute(HierarchicalTestExecutor.java:57)
	at org.junit.platform.engine.support.hierarchical.HierarchicalTestEngine.execute(HierarchicalTestEngine.java:51)
	at org.junit.platform.launcher.core.EngineExecutionOrchestrator.execute(EngineExecutionOrchestrator.java:107)
	at org.junit.platform.launcher.core.EngineExecutionOrchestrator.execute(EngineExecutionOrchestrator.java:88)
	at org.junit.platform.launcher.core.EngineExecutionOrchestrator.lambda$execute$0(EngineExecutionOrchestrator.java:54)
	at org.junit.platform.launcher.core.EngineExecutionOrchestrator.withInterceptedStreams(EngineExecutionOrchestrator.java:67)
	at org.junit.platform.launcher.core.EngineExecutionOrchestrator.execute(EngineExecutionOrchestrator.java:52)
	at org.junit.platform.launcher.core.DefaultLauncher.execute(DefaultLauncher.java:114)
	at org.junit.platform.launcher.core.DefaultLauncher.execute(DefaultLauncher.java:86)
	at org.junit.platform.launcher.core.DefaultLauncherSession$DelegatingLauncher.execute(DefaultLauncherSession.java:86)
	at org.gradle.api.internal.tasks.testing.junitplatform.JUnitPlatformTestClassProcessor$CollectAllTestClassesExecutor.processAllTestClasses(JUnitPlatformTestClassProcessor.java:124)
	at org.gradle.api.internal.tasks.testing.junitplatform.JUnitPlatformTestClassProcessor$CollectAllTestClassesExecutor.access$000(JUnitPlatformTestClassProcessor.java:99)
	at org.gradle.api.internal.tasks.testing.junitplatform.JUnitPlatformTestClassProcessor.stop(JUnitPlatformTestClassProcessor.java:94)
	at org.gradle.api.internal.tasks.testing.SuiteTestClassProcessor.stop(SuiteTestClassProcessor.java:63)
	at sun.reflect.NativeMethodAccessorImpl.invoke0(Native Method)
	at sun.reflect.NativeMethodAccessorImpl.invoke(NativeMethodAccessorImpl.java:62)
	at sun.reflect.DelegatingMethodAccessorImpl.invoke(DelegatingMethodAccessorImpl.java:43)
	at java.lang.reflect.Method.invoke(Method.java:498)
	at org.gradle.internal.dispatch.ReflectionDispatch.dispatch(ReflectionDispatch.java:36)
	at org.gradle.internal.dispatch.ReflectionDispatch.dispatch(ReflectionDispatch.java:24)
	at org.gradle.internal.dispatch.ContextClassLoaderDispatch.dispatch(ContextClassLoaderDispatch.java:33)
	at org.gradle.internal.dispatch.ProxyDispatchAdapter$DispatchingInvocationHandler.invoke(ProxyDispatchAdapter.java:92)
	at com.sun.proxy.$Proxy4.stop(Unknown Source)
	at org.gradle.api.internal.tasks.testing.worker.TestWorker$3.run(TestWorker.java:200)
	at org.gradle.api.internal.tasks.testing.worker.TestWorker.executeAndMaintainThreadName(TestWorker.java:132)
	at org.gradle.api.internal.tasks.testing.worker.TestWorker.execute(TestWorker.java:103)
	at org.gradle.api.internal.tasks.testing.worker.TestWorker.execute(TestWorker.java:63)
	at org.gradle.process.internal.worker.child.ActionExecutionWorker.execute(ActionExecutionWorker.java:56)
	at org.gradle.process.internal.worker.child.SystemApplicationClassLoaderWorker.call(SystemApplicationClassLoaderWorker.java:121)
	at org.gradle.process.internal.worker.child.SystemApplicationClassLoaderWorker.call(SystemApplicationClassLoaderWorker.java:71)
	at worker.org.gradle.process.internal.worker.GradleWorkerMain.run(GradleWorkerMain.java:69)
	at worker.org.gradle.process.internal.worker.GradleWorkerMain.main(GradleWorkerMain.java:74)
</failure>
  </testcase>
  <testcase name="testGetProjection()" classname="inkball.BallTest" time="0.013"/>
  <testcase name="testWallCollideDetections()" classname="inkball.BallTest" time="0.014"/>
  <testcase name="testCircleIntersectsRectangle()" classname="inkball.BallTest" time="0.013">
    <failure message="org.opentest4j.AssertionFailedError: Circle should intersect with the rectangle. ==&gt; expected: &lt;true&gt; but was: &lt;false&gt;" type="org.opentest4j.AssertionFailedError">org.opentest4j.AssertionFailedError: Circle should intersect with the rectangle. ==&gt; expected: &lt;true&gt; but was: &lt;false&gt;
	at org.junit.jupiter.api.AssertionUtils.fail(AssertionUtils.java:55)
	at org.junit.jupiter.api.AssertTrue.assertTrue(AssertTrue.java:40)
	at org.junit.jupiter.api.Assertions.assertTrue(Assertions.java:193)
	at inkball.BallTest.testCircleIntersectsRectangle(BallTest.java:86)
	at sun.reflect.NativeMethodAccessorImpl.invoke0(Native Method)
	at sun.reflect.NativeMethodAccessorImpl.invoke(NativeMethodAccessorImpl.java:62)
	at sun.reflect.DelegatingMethodAccessorImpl.invoke(DelegatingMethodAccessorImpl.java:43)
	at java.lang.reflect.Method.invoke(Method.java:498)
	at org.junit.platform.commons.util.ReflectionUtils.invokeMethod(ReflectionUtils.java:686)
	at org.junit.jupiter.engine.execution.MethodInvocation.proceed(MethodInvocation.java:60)
	at org.junit.jupiter.engine.execution.InvocationInterceptorChain$ValidatingInvocation.proceed(InvocationInterceptorChain.java:131)
	at org.junit.jupiter.engine.extension.TimeoutExtension.intercept(TimeoutExtension.java:149)
	at org.junit.jupiter.engine.extension.TimeoutExtension.interceptTestableMethod(TimeoutExtension.java:140)
	at org.junit.jupiter.engine.extension.TimeoutExtension.interceptTestMethod(TimeoutExtension.java:84)
	at org.junit.jupiter.engine.execution.ExecutableInvoker$ReflectiveInterceptorCall.lambda$ofVoidMethod$0(ExecutableInvoker.java:115)
	at org.junit.jupiter.engine.execution.ExecutableInvoker.lambda$invoke$0(ExecutableInvoker.java:105)
	at org.junit.jupiter.engine.execution.InvocationInterceptorChain$InterceptedInvocation.proceed(InvocationInterceptorChain.java:106)
	at org.junit.jupiter.engine.execution.InvocationInterceptorChain.proceed(InvocationInterceptorChain.java:64)
	at org.junit.jupiter.engine.execution.InvocationInterceptorChain.chainAndInvoke(InvocationInterceptorChain.java:45)
	at org.junit.jupiter.engine.execution.InvocationInterceptorChain.invoke(InvocationInterceptorChain.java:37)
	at org.junit.jupiter.engine.execution.ExecutableInvoker.invoke(ExecutableInvoker.java:104)
	at org.junit.jupiter.engine.execution.ExecutableInvoker.invoke(ExecutableInvoker.java:98)
	at org.junit.jupiter.engine.descriptor.TestMethodTestDescriptor.lambda$invokeTestMethod$6(TestMethodTestDescriptor.java:212)
	at org.junit.platform.engine.support.hierarchical.ThrowableCollector.execute(ThrowableCollector.java:73)
	at org.junit.jupiter.engine.descriptor.TestMethodTestDescriptor.invokeTestMethod(TestMethodTestDescriptor.java:208)
	at org.junit.jupiter.engine.descriptor.TestMethodTestDescriptor.execute(TestMethodTestDescriptor.java:137)
	at org.junit.jupiter.engine.descriptor.TestMethodTestDescriptor.execute(TestMethodTestDescriptor.java:71)
	at org.junit.platform.engine.support.hierarchical.NodeTestTask.lambda$executeRecursively$5(NodeTestTask.java:135)
	at org.junit.platform.engine.support.hierarchical.ThrowableCollector.execute(ThrowableCollector.java:73)
	at org.junit.platform.engine.support.hierarchical.NodeTestTask.lambda$executeRecursively$7(NodeTestTask.java:125)
	at org.junit.platform.engine.support.hierarchical.Node.around(Node.java:135)
	at org.junit.platform.engine.support.hierarchical.NodeTestTask.lambda$executeRecursively$8(NodeTestTask.java:123)
	at org.junit.platform.engine.support.hierarchical.ThrowableCollector.execute(ThrowableCollector.java:73)
	at org.junit.platform.engine.support.hierarchical.NodeTestTask.executeRecursively(NodeTestTask.java:122)
	at org.junit.platform.engine.support.hierarchical.NodeTestTask.execute(NodeTestTask.java:80)
	at java.util.ArrayList.forEach(ArrayList.java:1259)
	at org.junit.platform.engine.support.hierarchical.SameThreadHierarchicalTestExecutorService.invokeAll(SameThreadHierarchicalTestExecutorService.java:38)
	at org.junit.platform.engine.support.hierarchical.NodeTestTask.lambda$executeRecursively$5(NodeTestTask.java:139)
	at org.junit.platform.engine.support.hierarchical.ThrowableCollector.execute(ThrowableCollector.java:73)
	at org.junit.platform.engine.support.hierarchical.NodeTestTask.lambda$executeRecursively$7(NodeTestTask.java:125)
	at org.junit.platform.engine.support.hierarchical.Node.around(Node.java:135)
	at org.junit.platform.engine.support.hierarchical.NodeTestTask.lambda$executeRecursively$8(NodeTestTask.java:123)
	at org.junit.platform.engine.support.hierarchical.ThrowableCollector.execute(ThrowableCollector.java:73)
	at org.junit.platform.engine.support.hierarchical.NodeTestTask.executeRecursively(NodeTestTask.java:122)
	at org.junit.platform.engine.support.hierarchical.NodeTestTask.execute(NodeTestTask.java:80)
	at java.util.ArrayList.forEach(ArrayList.java:1259)
	at org.junit.platform.engine.support.hierarchical.SameThreadHierarchicalTestExecutorService.invokeAll(SameThreadHierarchicalTestExecutorService.java:38)
	at org.junit.platform.engine.support.hierarchical.NodeTestTask.lambda$executeRecursively$5(NodeTestTask.java:139)
	at org.junit.platform.engine.support.hierarchical.ThrowableCollector.execute(ThrowableCollector.java:73)
	at org.junit.platform.engine.support.hierarchical.NodeTestTask.lambda$executeRecursively$7(NodeTestTask.java:125)
	at org.junit.platform.engine.support.hierarchical.Node.around(Node.java:135)
	at org.junit.platform.engine.support.hierarchical.NodeTestTask.lambda$executeRecursively$8(NodeTestTask.java:123)
	at org.junit.platform.engine.support.hierarchical.ThrowableCollector.execute(ThrowableCollector.java:73)
	at org.junit.platform.engine.support.hierarchical.NodeTestTask.executeRecursively(NodeTestTask.java:122)
	at org.junit.platform.engine.support.hierarchical.NodeTestTask.execute(NodeTestTask.java:80)
	at org.junit.platform.engine.support.hierarchical.SameThreadHierarchicalTestExecutorService.submit(SameThreadHierarchicalTestExecutorService.java:32)
	at org.junit.platform.engine.support.hierarchical.HierarchicalTestExecutor.execute(HierarchicalTestExecutor.java:57)
	at org.junit.platform.engine.support.hierarchical.HierarchicalTestEngine.execute(HierarchicalTestEngine.java:51)
	at org.junit.platform.launcher.core.EngineExecutionOrchestrator.execute(EngineExecutionOrchestrator.java:107)
	at org.junit.platform.launcher.core.EngineExecutionOrchestrator.execute(EngineExecutionOrchestrator.java:88)
	at org.junit.platform.launcher.core.EngineExecutionOrchestrator.lambda$execute$0(EngineExecutionOrchestrator.java:54)
	at org.junit.platform.launcher.core.EngineExecutionOrchestrator.withInterceptedStreams(EngineExecutionOrchestrator.java:67)
	at org.junit.platform.launcher.core.EngineExecutionOrchestrator.execute(EngineExecutionOrchestrator.java:52)
	at org.junit.platform.launcher.core.DefaultLauncher.execute(DefaultLauncher.java:114)
	at org.junit.platform.launcher.core.DefaultLauncher.execute(DefaultLauncher.java:86)
	at org.junit.platform.launcher.core.DefaultLauncherSession$DelegatingLauncher.execute(DefaultLauncherSession.java:86)
	at org.gradle.api.internal.tasks.testing.junitplatform.JUnitPlatformTestClassProcessor$CollectAllTestClassesExecutor.processAllTestClasses(JUnitPlatformTestClassProcessor.java:124)
	at org.gradle.api.internal.tasks.testing.junitplatform.JUnitPlatformTestClassProcessor$CollectAllTestClassesExecutor.access$000(JUnitPlatformTestClassProcessor.java:99)
	at org.gradle.api.internal.tasks.testing.junitplatform.JUnitPlatformTestClassProcessor.stop(JUnitPlatformTestClassProcessor.java:94)
	at org.gradle.api.internal.tasks.testing.SuiteTestClassProcessor.stop(SuiteTestClassProcessor.java:63)
	at sun.reflect.NativeMethodAccessorImpl.invoke0(Native Method)
	at sun.reflect.NativeMethodAccessorImpl.invoke(NativeMethodAccessorImpl.java:62)
	at sun.reflect.DelegatingMethodAccessorImpl.invoke(DelegatingMethodAccessorImpl.java:43)
	at java.lang.reflect.Method.invoke(Method.java:498)
	at org.gradle.internal.dispatch.ReflectionDispatch.dispatch(ReflectionDispatch.java:36)
	at org.gradle.internal.dispatch.ReflectionDispatch.dispatch(ReflectionDispatch.java:24)
	at org.gradle.internal.dispatch.ContextClassLoaderDispatch.dispatch(ContextClassLoaderDispatch.java:33)
	at org.gradle.internal.dispatch.ProxyDispatchAdapter$DispatchingInvocationHandler.invoke(ProxyDispatchAdapter.java:92)
	at com.sun.proxy.$Proxy4.stop(Unknown Source)
	at org.gradle.api.internal.tasks.testing.worker.TestWorker$3.run(TestWorker.java:200)
	at org.gradle.api.internal.tasks.testing.worker.TestWorker.executeAndMaintainThreadName(TestWorker.java:132)
	at org.gradle.api.internal.tasks.testing.worker.TestWorker.execute(TestWorker.java:103)
	at org.gradle.api.internal.tasks.testing.worker.TestWorker.execute(TestWorker.java:63)
	at org.gradle.process.internal.worker.child.ActionExecutionWorker.execute(ActionExecutionWorker.java:56)
	at org.gradle.process.internal.worker.child.SystemApplicationClassLoaderWorker.call(SystemApplicationClassLoaderWorker.java:121)
	at org.gradle.process.internal.worker.child.SystemApplicationClassLoaderWorker.call(SystemApplicationClassLoaderWorker.java:71)
	at worker.org.gradle.process.internal.worker.GradleWorkerMain.run(GradleWorkerMain.java:69)
	at worker.org.gradle.process.internal.worker.GradleWorkerMain.main(GradleWorkerMain.java:74)
</failure>
  </testcase>
  <testcase name="testSetColour()" classname="inkball.BallTest" time="0.011"/>
  <testcase name="testCheckWallCollide()" classname="inkball.BallTest" time="0.013"/>
  <testcase name="testGetColour()" classname="inkball.BallTest" time="0.014"/>
  <testcase name="testUpdate()" classname="inkball.BallTest" time="0.015"/>
  <system-out><![CDATA[Loaded wall from: src/main/resources/inkball/wall0.png
Loaded wall from: src/main/resources/inkball/wall1.png
Loaded wall from: src/main/resources/inkball/wall2.png
Loaded wall from: src/main/resources/inkball/wall3.png
Loaded wall from: src/main/resources/inkball/wall4.png
Config load finishes!
Created Wall at (0, 0)
Created Wall at (1, 0)
Created Wall at (2, 0)
Created Wall at (0, 0)
Created Wall at (3, 0)
Created Wall at (1, 0)
Created Wall at (4, 0)
Created Wall at (2, 0)
Created Wall at (3, 0)
Created Wall at (5, 0)
Created Wall at (4, 0)
Created Wall at (6, 0)
Created Wall at (5, 0)
Created Wall at (6, 0)
Created ColouredWallTile at (7, 0) with colour index: 2
Created ColouredWallTile at (8, 0) with colour index: 2
Created ColouredWallTile at (7, 0) with colour index: 2
Created ColouredWallTile at (9, 0) with colour index: 2
Created ColouredWallTile at (8, 0) with colour index: 2
Created ColouredWallTile at (10, 0) with colour index: 2
Created ColouredWallTile at (9, 0) with colour index: 2
Created Wall at (11, 0)
Created Wall at (12, 0)
Created ColouredWallTile at (10, 0) with colour index: 2
Created Wall at (13, 0)
Created Wall at (11, 0)
Created Wall at (14, 0)
Created Wall at (12, 0)
Created Wall at (15, 0)
Created Wall at (13, 0)
Created Wall at (16, 0)
Created Wall at (14, 0)
Created Wall at (17, 0)
Created Wall at (15, 0)
Created Wall at (0, 1)
Created Wall at (16, 0)
Created Wall at (17, 0)
Put Hole at center: [ 512.0, 128.0, 0.0 ] with colour 0
Created Hole at (15, 1) with color index: 0
Created Wall at (0, 1)
Created Hole at (15, 1) with color index: 0
Created Wall at (17, 1)
Created Wall at (17, 1)
Created Wall at (0, 2)
Created Wall at (0, 2)
Created Wall at (17, 2)
Created Wall at (17, 2)
Created Wall at (0, 3)
Created Wall at (0, 3)
Created Wall at (17, 3)
Created Wall at (17, 3)
Created Wall at (0, 4)
Created Wall at (0, 4)
Created Wall at (17, 4)
Created Wall at (17, 4)
Created Wall at (0, 5)
Created Wall at (0, 5)
Created Wall at (17, 5)
Created Wall at (17, 5)
Created Wall at (0, 6)
Created Wall at (0, 6)
Created Wall at (5, 6)
Created Wall at (5, 6)
Created Wall at (6, 6)
Created Wall at (6, 6)
Created Wall at (10, 6)
Created Wall at (10, 6)
Put Hole at center: [ 384.0, 288.0, 0.0 ] with colour 1
Created Hole at (11, 6) with color index: 1
Put Hole at center: [ 384.0, 288.0, 0.0 ] with colour 1
Created Hole at (11, 6) with color index: 1
Created Wall at (17, 6)
Created Wall at (17, 6)
Created Wall at (0, 7)
Created Wall at (6, 7)
Created Wall at (0, 7)
Created Wall at (6, 7)
Created Wall at (8, 7)
Created Wall at (9, 7)
Created Wall at (8, 7)
Created Wall at (17, 7)
Created Wall at (9, 7)
Created Wall at (0, 8)
Created Wall at (17, 7)
Created EntryPoint/Spawner at (5, 8)
Created Wall at (0, 8)
Created Wall at (6, 8)
Created EntryPoint/Spawner at (5, 8)
Created Wall at (7, 8)
Created Wall at (6, 8)
Created Wall at (17, 8)
Created Wall at (7, 8)
Created Wall at (17, 8)
Created Wall at (0, 9)
Created Wall at (0, 9)
Created Wall at (6, 9)
Created Wall at (8, 9)
Created Wall at (6, 9)
Created Wall at (9, 9)
Created Wall at (8, 9)
Created Wall at (9, 9)
Put Hole at center: [ 384.0, 384.0, 0.0 ] with colour 2
Created Hole at (11, 9) with color index: 2
Created Hole at (11, 9) with color index: 2
Created Wall at (17, 9)
Created Wall at (17, 9)
Created Wall at (0, 10)
Created Wall at (0, 10)
Created Wall at (5, 10)
Created Wall at (5, 10)
Created Wall at (6, 10)
Created Wall at (10, 10)
Created Wall at (6, 10)
Created Wall at (17, 10)
Created Wall at (10, 10)
Created Wall at (0, 11)
Created Wall at (17, 10)
Created Wall at (17, 11)
Created Wall at (0, 11)
Created Wall at (17, 11)
Created Wall at (0, 12)
Created Wall at (0, 12)
Created Wall at (17, 12)
Created Wall at (17, 12)
Created Wall at (0, 13)
Created Wall at (0, 13)
Ball initialized at position: [ 192.0, 480.0, 0.0 ] with velocity: [ 2.0, 2.0, 0.0 ]
Created Ball at (6, 13) with color index: 2
Ball initialized at position: [ 192.0, 480.0, 0.0 ] with velocity: [ -2.0, 2.0, 0.0 ]
Created Ball at (6, 13) with color index: 2
Created Wall at (17, 13)
Created Wall at (17, 13)
Created Wall at (0, 14)
Created Wall at (0, 14)
Created Wall at (17, 14)
Created Wall at (17, 14)
Created Wall at (0, 15)
Created Wall at (0, 15)
Put Hole at center: [ 512.0, 576.0, 0.0 ] with colour 0
Created Hole at (15, 15) with color index: 0
Created Wall at (17, 15)
Put Hole at center: [ 512.0, 576.0, 0.0 ] with colour 0
Created Hole at (15, 15) with color index: 0
Created Wall at (0, 16)
Created Wall at (17, 15)
Created Wall at (0, 16)
Created Wall at (17, 16)
Created Wall at (17, 16)
Created Wall at (0, 17)
Created Wall at (1, 17)
Created Wall at (0, 17)
Created Wall at (1, 17)
Created Wall at (2, 17)
Created Wall at (2, 17)
Created Wall at (3, 17)
Created Wall at (3, 17)
Created Wall at (4, 17)
Created Wall at (4, 17)
Created Wall at (5, 17)
Created Wall at (5, 17)
Created Wall at (6, 17)
Created Wall at (6, 17)
Created ColouredWallTile at (7, 17) with colour index: 1
Created ColouredWallTile at (7, 17) with colour index: 1
Created ColouredWallTile at (8, 17) with colour index: 1
Created ColouredWallTile at (8, 17) with colour index: 1
Created ColouredWallTile at (9, 17) with colour index: 1
Created ColouredWallTile at (9, 17) with colour index: 1
Created ColouredWallTile at (10, 17) with colour index: 1
Created ColouredWallTile at (10, 17) with colour index: 1
Created Wall at (11, 17)
Created Wall at (11, 17)
Created Wall at (12, 17)
Created Wall at (12, 17)
Created Wall at (13, 17)
Created Wall at (13, 17)
Created Wall at (14, 17)
Created Wall at (14, 17)
Created Wall at (15, 17)
Created Wall at (15, 17)
Created Wall at (16, 17)
Created Wall at (16, 17)
Created Wall at (17, 17)
Level layout loaded from: level1.txt
Number of holes loaded: 6
Created Wall at (17, 17)
Level layout loaded from: level1.txt
Number of holes loaded: 6
Ball initialized at position: [ 0.0, 64.0, 0.0 ] with velocity: [ 2.0, -2.0, 0.0 ]
Created Wall at (0, 0)
Created Wall at (1, 0)
Created Wall at (2, 0)
Created Wall at (3, 0)
Created Wall at (4, 0)
Created Wall at (5, 0)
Created Wall at (6, 0)
Created ColouredWallTile at (7, 0) with colour index: 2
Created ColouredWallTile at (8, 0) with colour index: 2
Created ColouredWallTile at (9, 0) with colour index: 2
Created ColouredWallTile at (10, 0) with colour index: 2
Created Wall at (11, 0)
Created Wall at (12, 0)
Created Wall at (13, 0)
Created Wall at (14, 0)
Created Wall at (15, 0)
Created Wall at (16, 0)
Created Wall at (17, 0)
Created Wall at (0, 1)
Put Hole at center: [ 512.0, 128.0, 0.0 ] with colour 0
Created Hole at (15, 1) with color index: 0
Created Wall at (17, 1)
Created Wall at (0, 2)
Created Wall at (17, 2)
Created Wall at (0, 3)
Created Wall at (17, 3)
Created Wall at (0, 4)
Created Wall at (17, 4)
Created Wall at (0, 5)
Created Wall at (17, 5)
Created Wall at (0, 6)
Created Wall at (5, 6)
Created Wall at (6, 6)
Created Wall at (10, 6)
Put Hole at center: [ 384.0, 288.0, 0.0 ] with colour 1
Created Hole at (11, 6) with color index: 1
Created Wall at (17, 6)
Created Wall at (0, 7)
Created Wall at (6, 7)
Created Wall at (8, 7)
Created Wall at (9, 7)
Created Wall at (17, 7)
Created Wall at (0, 8)
Created EntryPoint/Spawner at (5, 8)
Created Wall at (6, 8)
Created Wall at (7, 8)
Created Wall at (17, 8)
Created Wall at (0, 9)
Created Wall at (6, 9)
Created Wall at (8, 9)
Created Wall at (9, 9)
Put Hole at center: [ 384.0, 384.0, 0.0 ] with colour 2
Created Hole at (11, 9) with color index: 2
Created Wall at (17, 9)
Created Wall at (0, 10)
Created Wall at (5, 10)
Created Wall at (6, 10)
Created Wall at (10, 10)
Created Wall at (17, 10)
Created Wall at (0, 11)
Created Wall at (17, 11)
Created Wall at (0, 12)
Created Wall at (17, 12)
Created Wall at (0, 13)
Ball initialized at position: [ 192.0, 480.0, 0.0 ] with velocity: [ 2.0, -2.0, 0.0 ]
Created Ball at (6, 13) with color index: 2
Created Wall at (17, 13)
Created Wall at (0, 14)
Created Wall at (17, 14)
Created Wall at (0, 15)
Put Hole at center: [ 512.0, 576.0, 0.0 ] with colour 0
Created Hole at (15, 15) with color index: 0
Created Wall at (17, 15)
Created Wall at (0, 16)
Created Wall at (17, 16)
Created Wall at (0, 17)
Created Wall at (1, 17)
Created Wall at (2, 17)
Created Wall at (3, 17)
Created Wall at (4, 17)
Created Wall at (5, 17)
Created Wall at (6, 17)
Created ColouredWallTile at (7, 17) with colour index: 1
Created ColouredWallTile at (8, 17) with colour index: 1
Created ColouredWallTile at (9, 17) with colour index: 1
Created ColouredWallTile at (10, 17) with colour index: 1
Created Wall at (11, 17)
Created Wall at (12, 17)
Created Wall at (13, 17)
Created Wall at (14, 17)
Created Wall at (15, 17)
Created Wall at (16, 17)
Created Wall at (17, 17)
Level layout loaded from: level1.txt
Number of holes loaded: 4
Ball initialized at position: [ 0.0, 64.0, 0.0 ] with velocity: [ -2.0, -2.0, 0.0 ]
Created Wall at (0, 0)
Created Wall at (1, 0)
Created Wall at (2, 0)
Created Wall at (3, 0)
Created Wall at (4, 0)
Created Wall at (5, 0)
Created Wall at (6, 0)
Created ColouredWallTile at (7, 0) with colour index: 2
Created ColouredWallTile at (8, 0) with colour index: 2
Created ColouredWallTile at (9, 0) with colour index: 2
Created ColouredWallTile at (10, 0) with colour index: 2
Created Wall at (11, 0)
Created Wall at (12, 0)
Created Wall at (13, 0)
Created Wall at (14, 0)
Created Wall at (15, 0)
Created Wall at (16, 0)
Created Wall at (17, 0)
Created Wall at (0, 1)
Put Hole at center: [ 512.0, 128.0, 0.0 ] with colour 0
Created Hole at (15, 1) with color index: 0
Created Wall at (17, 1)
Created Wall at (0, 2)
Created Wall at (17, 2)
Created Wall at (0, 3)
Created Wall at (17, 3)
Created Wall at (0, 4)
Created Wall at (17, 4)
Created Wall at (0, 5)
Created Wall at (17, 5)
Created Wall at (0, 6)
Created Wall at (5, 6)
Created Wall at (6, 6)
Created Wall at (10, 6)
Put Hole at center: [ 384.0, 288.0, 0.0 ] with colour 1
Created Hole at (11, 6) with color index: 1
Created Wall at (17, 6)
Created Wall at (0, 7)
Created Wall at (6, 7)
Created Wall at (8, 7)
Created Wall at (9, 7)
Created Wall at (17, 7)
Created Wall at (0, 8)
Created EntryPoint/Spawner at (5, 8)
Created Wall at (6, 8)
Created Wall at (7, 8)
Created Wall at (17, 8)
Created Wall at (0, 9)
Created Wall at (6, 9)
Created Wall at (8, 9)
Created Wall at (9, 9)
Put Hole at center: [ 384.0, 384.0, 0.0 ] with colour 2
Created Hole at (11, 9) with color index: 2
Created Wall at (17, 9)
Created Wall at (0, 10)
Created Wall at (5, 10)
Created Wall at (6, 10)
Created Wall at (10, 10)
Created Wall at (17, 10)
Created Wall at (0, 11)
Created Wall at (17, 11)
Created Wall at (0, 12)
Created Wall at (17, 12)
Created Wall at (0, 13)
Ball initialized at position: [ 192.0, 480.0, 0.0 ] with velocity: [ 2.0, 2.0, 0.0 ]
Created Ball at (6, 13) with color index: 2
Created Wall at (17, 13)
Created Wall at (0, 14)
Created Wall at (17, 14)
Created Wall at (0, 15)
Put Hole at center: [ 512.0, 576.0, 0.0 ] with colour 0
Created Hole at (15, 15) with color index: 0
Created Wall at (17, 15)
Created Wall at (0, 16)
Created Wall at (17, 16)
Created Wall at (0, 17)
Created Wall at (1, 17)
Created Wall at (2, 17)
Created Wall at (3, 17)
Created Wall at (4, 17)
Created Wall at (5, 17)
Created Wall at (6, 17)
Created ColouredWallTile at (7, 17) with colour index: 1
Created ColouredWallTile at (8, 17) with colour index: 1
Created ColouredWallTile at (9, 17) with colour index: 1
Created ColouredWallTile at (10, 17) with colour index: 1
Created Wall at (11, 17)
Created Wall at (12, 17)
Created Wall at (13, 17)
Created Wall at (14, 17)
Created Wall at (15, 17)
Created Wall at (16, 17)
Created Wall at (17, 17)
Level layout loaded from: level1.txt
Number of holes loaded: 4
Ball initialized at position: [ 100.0, 264.0, 0.0 ] with velocity: [ 2.0, -2.0, 0.0 ]
Created Wall at (0, 0)
Created Wall at (1, 0)
Created Wall at (2, 0)
Created Wall at (3, 0)
Created Wall at (4, 0)
Created Wall at (5, 0)
Created Wall at (6, 0)
Created ColouredWallTile at (7, 0) with colour index: 2
Created ColouredWallTile at (8, 0) with colour index: 2
Created ColouredWallTile at (9, 0) with colour index: 2
Created ColouredWallTile at (10, 0) with colour index: 2
Created Wall at (11, 0)
Created Wall at (12, 0)
Created Wall at (13, 0)
Created Wall at (14, 0)
Created Wall at (15, 0)
Created Wall at (16, 0)
Created Wall at (17, 0)
Created Wall at (0, 1)
Put Hole at center: [ 512.0, 128.0, 0.0 ] with colour 0
Created Hole at (15, 1) with color index: 0
Created Wall at (17, 1)
Created Wall at (0, 2)
Created Wall at (17, 2)
Created Wall at (0, 3)
Created Wall at (17, 3)
Created Wall at (0, 4)
Created Wall at (17, 4)
Created Wall at (0, 5)
Created Wall at (17, 5)
Created Wall at (0, 6)
Created Wall at (5, 6)
Created Wall at (6, 6)
Created Wall at (10, 6)
Put Hole at center: [ 384.0, 288.0, 0.0 ] with colour 1
Created Hole at (11, 6) with color index: 1
Created Wall at (17, 6)
Created Wall at (0, 7)
Created Wall at (6, 7)
Created Wall at (8, 7)
Created Wall at (9, 7)
Created Wall at (17, 7)
Created Wall at (0, 8)
Created EntryPoint/Spawner at (5, 8)
Created Wall at (6, 8)
Created Wall at (7, 8)
Created Wall at (17, 8)
Created Wall at (0, 9)
Created Wall at (6, 9)
Created Wall at (8, 9)
Created Wall at (9, 9)
Put Hole at center: [ 384.0, 384.0, 0.0 ] with colour 2
Created Hole at (11, 9) with color index: 2
Created Wall at (17, 9)
Created Wall at (0, 10)
Created Wall at (5, 10)
Created Wall at (6, 10)
Created Wall at (10, 10)
Created Wall at (17, 10)
Created Wall at (0, 11)
Created Wall at (17, 11)
Created Wall at (0, 12)
Created Wall at (17, 12)
Created Wall at (0, 13)
Ball initialized at position: [ 192.0, 480.0, 0.0 ] with velocity: [ 2.0, 2.0, 0.0 ]
Created Ball at (6, 13) with color index: 2
Created Wall at (17, 13)
Created Wall at (0, 14)
Created Wall at (17, 14)
Created Wall at (0, 15)
Put Hole at center: [ 512.0, 576.0, 0.0 ] with colour 0
Created Hole at (15, 15) with color index: 0
Created Wall at (17, 15)
Created Wall at (0, 16)
Created Wall at (17, 16)
Created Wall at (0, 17)
Created Wall at (1, 17)
Created Wall at (2, 17)
Created Wall at (3, 17)
Created Wall at (4, 17)
Created Wall at (5, 17)
Created Wall at (6, 17)
Created ColouredWallTile at (7, 17) with colour index: 1
Created ColouredWallTile at (8, 17) with colour index: 1
Created ColouredWallTile at (9, 17) with colour index: 1
Created ColouredWallTile at (10, 17) with colour index: 1
Created Wall at (11, 17)
Created Wall at (12, 17)
Created Wall at (13, 17)
Created Wall at (14, 17)
Created Wall at (15, 17)
Created Wall at (16, 17)
Created Wall at (17, 17)
Level layout loaded from: level1.txt
Number of holes loaded: 4
Ball initialized at position: [ 0.0, 64.0, 0.0 ] with velocity: [ 2.0, 2.0, 0.0 ]
Created Wall at (0, 0)
Created Wall at (1, 0)
Created Wall at (2, 0)
Created Wall at (3, 0)
Created Wall at (4, 0)
Created Wall at (5, 0)
Created Wall at (6, 0)
Created ColouredWallTile at (7, 0) with colour index: 2
Created ColouredWallTile at (8, 0) with colour index: 2
Created ColouredWallTile at (9, 0) with colour index: 2
Created ColouredWallTile at (10, 0) with colour index: 2
Created Wall at (11, 0)
Created Wall at (12, 0)
Created Wall at (13, 0)
Created Wall at (14, 0)
Created Wall at (15, 0)
Created Wall at (16, 0)
Created Wall at (17, 0)
Created Wall at (0, 1)
Put Hole at center: [ 512.0, 128.0, 0.0 ] with colour 0
Created Hole at (15, 1) with color index: 0
Created Wall at (17, 1)
Created Wall at (0, 2)
Created Wall at (17, 2)
Created Wall at (0, 3)
Created Wall at (17, 3)
Created Wall at (0, 4)
Created Wall at (17, 4)
Created Wall at (0, 5)
Created Wall at (17, 5)
Created Wall at (0, 6)
Created Wall at (5, 6)
Created Wall at (6, 6)
Created Wall at (10, 6)
Put Hole at center: [ 384.0, 288.0, 0.0 ] with colour 1
Created Hole at (11, 6) with color index: 1
Created Wall at (17, 6)
Created Wall at (0, 7)
Created Wall at (6, 7)
Created Wall at (8, 7)
Created Wall at (9, 7)
Created Wall at (17, 7)
Created Wall at (0, 8)
Created EntryPoint/Spawner at (5, 8)
Created Wall at (6, 8)
Created Wall at (7, 8)
Created Wall at (17, 8)
Created Wall at (0, 9)
Created Wall at (6, 9)
Created Wall at (8, 9)
Created Wall at (9, 9)
Put Hole at center: [ 384.0, 384.0, 0.0 ] with colour 2
Created Hole at (11, 9) with color index: 2
Created Wall at (17, 9)
Created Wall at (0, 10)
Created Wall at (5, 10)
Created Wall at (6, 10)
Created Wall at (10, 10)
Created Wall at (17, 10)
Created Wall at (0, 11)
Created Wall at (17, 11)
Created Wall at (0, 12)
Created Wall at (17, 12)
Created Wall at (0, 13)
Ball initialized at position: [ 192.0, 480.0, 0.0 ] with velocity: [ -2.0, 2.0, 0.0 ]
Created Ball at (6, 13) with color index: 2
Created Wall at (17, 13)
Created Wall at (0, 14)
Created Wall at (17, 14)
Created Wall at (0, 15)
Put Hole at center: [ 512.0, 576.0, 0.0 ] with colour 0
Created Hole at (15, 15) with color index: 0
Created Wall at (17, 15)
Created Wall at (0, 16)
Created Wall at (17, 16)
Created Wall at (0, 17)
Created Wall at (1, 17)
Created Wall at (2, 17)
Created Wall at (3, 17)
Created Wall at (4, 17)
Created Wall at (5, 17)
Created Wall at (6, 17)
Created ColouredWallTile at (7, 17) with colour index: 1
Created ColouredWallTile at (8, 17) with colour index: 1
Created ColouredWallTile at (9, 17) with colour index: 1
Created ColouredWallTile at (10, 17) with colour index: 1
Created Wall at (11, 17)
Created Wall at (12, 17)
Created Wall at (13, 17)
Created Wall at (14, 17)
Created Wall at (15, 17)
Created Wall at (16, 17)
Created Wall at (17, 17)
Level layout loaded from: level1.txt
Number of holes loaded: 4
Ball initialized at position: [ 0.0, 64.0, 0.0 ] with velocity: [ 2.0, 2.0, 0.0 ]
Created Wall at (0, 0)
Created Wall at (1, 0)
Created Wall at (2, 0)
Created Wall at (3, 0)
Created Wall at (4, 0)
Created Wall at (5, 0)
Created Wall at (6, 0)
Created ColouredWallTile at (7, 0) with colour index: 2
Created ColouredWallTile at (8, 0) with colour index: 2
Created ColouredWallTile at (9, 0) with colour index: 2
Created ColouredWallTile at (10, 0) with colour index: 2
Created Wall at (11, 0)
Created Wall at (12, 0)
Created Wall at (13, 0)
Created Wall at (14, 0)
Created Wall at (15, 0)
Created Wall at (16, 0)
Created Wall at (17, 0)
Created Wall at (0, 1)
Put Hole at center: [ 512.0, 128.0, 0.0 ] with colour 0
Created Hole at (15, 1) with color index: 0
Created Wall at (17, 1)
Created Wall at (0, 2)
Created Wall at (17, 2)
Created Wall at (0, 3)
Created Wall at (17, 3)
Created Wall at (0, 4)
Created Wall at (17, 4)
Created Wall at (0, 5)
Created Wall at (17, 5)
Created Wall at (0, 6)
Created Wall at (5, 6)
Created Wall at (6, 6)
Created Wall at (10, 6)
Put Hole at center: [ 384.0, 288.0, 0.0 ] with colour 1
Created Hole at (11, 6) with color index: 1
Created Wall at (17, 6)
Created Wall at (0, 7)
Created Wall at (6, 7)
Created Wall at (8, 7)
Created Wall at (9, 7)
Created Wall at (17, 7)
Created Wall at (0, 8)
Created EntryPoint/Spawner at (5, 8)
Created Wall at (6, 8)
Created Wall at (7, 8)
Created Wall at (17, 8)
Created Wall at (0, 9)
Created Wall at (6, 9)
Created Wall at (8, 9)
Created Wall at (9, 9)
Put Hole at center: [ 384.0, 384.0, 0.0 ] with colour 2
Created Hole at (11, 9) with color index: 2
Created Wall at (17, 9)
Created Wall at (0, 10)
Created Wall at (5, 10)
Created Wall at (6, 10)
Created Wall at (10, 10)
Created Wall at (17, 10)
Created Wall at (0, 11)
Created Wall at (17, 11)
Created Wall at (0, 12)
Created Wall at (17, 12)
Created Wall at (0, 13)
Ball initialized at position: [ 192.0, 480.0, 0.0 ] with velocity: [ -2.0, 2.0, 0.0 ]
Created Ball at (6, 13) with color index: 2
Created Wall at (17, 13)
Created Wall at (0, 14)
Created Wall at (17, 14)
Created Wall at (0, 15)
Put Hole at center: [ 512.0, 576.0, 0.0 ] with colour 0
Created Hole at (15, 15) with color index: 0
Created Wall at (17, 15)
Created Wall at (0, 16)
Created Wall at (17, 16)
Created Wall at (0, 17)
Created Wall at (1, 17)
Created Wall at (2, 17)
Created Wall at (3, 17)
Created Wall at (4, 17)
Created Wall at (5, 17)
Created Wall at (6, 17)
Created ColouredWallTile at (7, 17) with colour index: 1
Created ColouredWallTile at (8, 17) with colour index: 1
Created ColouredWallTile at (9, 17) with colour index: 1
Created ColouredWallTile at (10, 17) with colour index: 1
Created Wall at (11, 17)
Created Wall at (12, 17)
Created Wall at (13, 17)
Created Wall at (14, 17)
Created Wall at (15, 17)
Created Wall at (16, 17)
Created Wall at (17, 17)
Level layout loaded from: level1.txt
Number of holes loaded: 4
Ball initialized at position: [ 0.0, 64.0, 0.0 ] with velocity: [ 2.0, 2.0, 0.0 ]

Velocity after reflection: [ -2.0, 2.0, 0.0 ]
Ball position corrected by: [ 11.0, 0.0, 0.0 ]
Ball hit Wall at (0, 0).
WallTile at (0, 0) hit. Damage Level: 1
Created Wall at (0, 0)
Created Wall at (1, 0)
Created Wall at (2, 0)
Created Wall at (3, 0)
Created Wall at (4, 0)
Created Wall at (5, 0)
Created Wall at (6, 0)
Created ColouredWallTile at (7, 0) with colour index: 2
Created ColouredWallTile at (8, 0) with colour index: 2
Created ColouredWallTile at (9, 0) with colour index: 2
Created ColouredWallTile at (10, 0) with colour index: 2
Created Wall at (11, 0)
Created Wall at (12, 0)
Created Wall at (13, 0)
Created Wall at (14, 0)
Created Wall at (15, 0)
Created Wall at (16, 0)
Created Wall at (17, 0)
Created Wall at (0, 1)
Put Hole at center: [ 512.0, 128.0, 0.0 ] with colour 0
Created Hole at (15, 1) with color index: 0
Created Wall at (17, 1)
Created Wall at (0, 2)
Created Wall at (17, 2)
Created Wall at (0, 3)
Created Wall at (17, 3)
Created Wall at (0, 4)
Created Wall at (17, 4)
Created Wall at (0, 5)
Created Wall at (17, 5)
Created Wall at (0, 6)
Created Wall at (5, 6)
Created Wall at (6, 6)
Created Wall at (10, 6)
Put Hole at center: [ 384.0, 288.0, 0.0 ] with colour 1
Created Hole at (11, 6) with color index: 1
Created Wall at (17, 6)
Created Wall at (0, 7)
Created Wall at (6, 7)
Created Wall at (8, 7)
Created Wall at (9, 7)
Created Wall at (17, 7)
Created Wall at (0, 8)
Created EntryPoint/Spawner at (5, 8)
Created Wall at (6, 8)
Created Wall at (7, 8)
Created Wall at (17, 8)
Created Wall at (0, 9)
Created Wall at (6, 9)
Created Wall at (8, 9)
Created Wall at (9, 9)
Put Hole at center: [ 384.0, 384.0, 0.0 ] with colour 2
Created Hole at (11, 9) with color index: 2
Created Wall at (17, 9)
Created Wall at (0, 10)
Created Wall at (5, 10)
Created Wall at (6, 10)
Created Wall at (10, 10)
Created Wall at (17, 10)
Created Wall at (0, 11)
Created Wall at (17, 11)
Created Wall at (0, 12)
Created Wall at (17, 12)
Created Wall at (0, 13)
Ball initialized at position: [ 192.0, 480.0, 0.0 ] with velocity: [ 2.0, 2.0, 0.0 ]
Created Ball at (6, 13) with color index: 2
Created Wall at (17, 13)
Created Wall at (0, 14)
Created Wall at (17, 14)
Created Wall at (0, 15)
Put Hole at center: [ 512.0, 576.0, 0.0 ] with colour 0
Created Hole at (15, 15) with color index: 0
Created Wall at (17, 15)
Created Wall at (0, 16)
Created Wall at (17, 16)
Created Wall at (0, 17)
Created Wall at (1, 17)
Created Wall at (2, 17)
Created Wall at (3, 17)
Created Wall at (4, 17)
Created Wall at (5, 17)
Created Wall at (6, 17)
Created ColouredWallTile at (7, 17) with colour index: 1
Created ColouredWallTile at (8, 17) with colour index: 1
Created ColouredWallTile at (9, 17) with colour index: 1
Created ColouredWallTile at (10, 17) with colour index: 1
Created Wall at (11, 17)
Created Wall at (12, 17)
Created Wall at (13, 17)
Created Wall at (14, 17)
Created Wall at (15, 17)
Created Wall at (16, 17)
Created Wall at (17, 17)
Level layout loaded from: level1.txt
Number of holes loaded: 4
Ball initialized at position: [ 0.0, 64.0, 0.0 ] with velocity: [ -2.0, -2.0, 0.0 ]
Created Wall at (0, 0)
Created Wall at (1, 0)
Created Wall at (2, 0)
Created Wall at (3, 0)
Created Wall at (4, 0)
Created Wall at (5, 0)
Created Wall at (6, 0)
Created ColouredWallTile at (7, 0) with colour index: 2
Created ColouredWallTile at (8, 0) with colour index: 2
Created ColouredWallTile at (9, 0) with colour index: 2
Created ColouredWallTile at (10, 0) with colour index: 2
Created Wall at (11, 0)
Created Wall at (12, 0)
Created Wall at (13, 0)
Created Wall at (14, 0)
Created Wall at (15, 0)
Created Wall at (16, 0)
Created Wall at (17, 0)
Created Wall at (0, 1)
Put Hole at center: [ 512.0, 128.0, 0.0 ] with colour 0
Created Hole at (15, 1) with color index: 0
Created Wall at (17, 1)
Created Wall at (0, 2)
Created Wall at (17, 2)
Created Wall at (0, 3)
Created Wall at (17, 3)
Created Wall at (0, 4)
Created Wall at (17, 4)
Created Wall at (0, 5)
Created Wall at (17, 5)
Created Wall at (0, 6)
Created Wall at (5, 6)
Created Wall at (6, 6)
Created Wall at (10, 6)
Put Hole at center: [ 384.0, 288.0, 0.0 ] with colour 1
Created Hole at (11, 6) with color index: 1
Created Wall at (17, 6)
Created Wall at (0, 7)
Created Wall at (6, 7)
Created Wall at (8, 7)
Created Wall at (9, 7)
Created Wall at (17, 7)
Created Wall at (0, 8)
Created EntryPoint/Spawner at (5, 8)
Created Wall at (6, 8)
Created Wall at (7, 8)
Created Wall at (17, 8)
Created Wall at (0, 9)
Created Wall at (6, 9)
Created Wall at (8, 9)
Created Wall at (9, 9)
Put Hole at center: [ 384.0, 384.0, 0.0 ] with colour 2
Created Hole at (11, 9) with color index: 2
Created Wall at (17, 9)
Created Wall at (0, 10)
Created Wall at (5, 10)
Created Wall at (6, 10)
Created Wall at (10, 10)
Created Wall at (17, 10)
Created Wall at (0, 11)
Created Wall at (17, 11)
Created Wall at (0, 12)
Created Wall at (17, 12)
Created Wall at (0, 13)
Ball initialized at position: [ 192.0, 480.0, 0.0 ] with velocity: [ 2.0, 2.0, 0.0 ]
Created Ball at (6, 13) with color index: 2
Created Wall at (17, 13)
Created Wall at (0, 14)
Created Wall at (17, 14)
Created Wall at (0, 15)
Put Hole at center: [ 512.0, 576.0, 0.0 ] with colour 0
Created Hole at (15, 15) with color index: 0
Created Wall at (17, 15)
Created Wall at (0, 16)
Created Wall at (17, 16)
Created Wall at (0, 17)
Created Wall at (1, 17)
Created Wall at (2, 17)
Created Wall at (3, 17)
Created Wall at (4, 17)
Created Wall at (5, 17)
Created Wall at (6, 17)
Created ColouredWallTile at (7, 17) with colour index: 1
Created ColouredWallTile at (8, 17) with colour index: 1
Created ColouredWallTile at (9, 17) with colour index: 1
Created ColouredWallTile at (10, 17) with colour index: 1
Created Wall at (11, 17)
Created Wall at (12, 17)
Created Wall at (13, 17)
Created Wall at (14, 17)
Created Wall at (15, 17)
Created Wall at (16, 17)
Created Wall at (17, 17)
Level layout loaded from: level1.txt
Number of holes loaded: 4
Ball initialized at position: [ 0.0, 64.0, 0.0 ] with velocity: [ -2.0, -2.0, 0.0 ]
Ball colour changed to index 3
Created Wall at (0, 0)
Created Wall at (1, 0)
Created Wall at (2, 0)
Created Wall at (3, 0)
Created Wall at (4, 0)
Created Wall at (5, 0)
Created Wall at (6, 0)
Created ColouredWallTile at (7, 0) with colour index: 2
Created ColouredWallTile at (8, 0) with colour index: 2
Created ColouredWallTile at (9, 0) with colour index: 2
Created ColouredWallTile at (10, 0) with colour index: 2
Created Wall at (11, 0)
Created Wall at (12, 0)
Created Wall at (13, 0)
Created Wall at (14, 0)
Created Wall at (15, 0)
Created Wall at (16, 0)
Created Wall at (17, 0)
Created Wall at (0, 1)
Put Hole at center: [ 512.0, 128.0, 0.0 ] with colour 0
Created Hole at (15, 1) with color index: 0
Created Wall at (17, 1)
Created Wall at (0, 2)
Created Wall at (17, 2)
Created Wall at (0, 3)
Created Wall at (17, 3)
Created Wall at (0, 4)
Created Wall at (17, 4)
Created Wall at (0, 5)
Created Wall at (17, 5)
Created Wall at (0, 6)
Created Wall at (5, 6)
Created Wall at (6, 6)
Created Wall at (10, 6)
Put Hole at center: [ 384.0, 288.0, 0.0 ] with colour 1
Created Hole at (11, 6) with color index: 1
Created Wall at (17, 6)
Created Wall at (0, 7)
Created Wall at (6, 7)
Created Wall at (8, 7)
Created Wall at (9, 7)
Created Wall at (17, 7)
Created Wall at (0, 8)
Created EntryPoint/Spawner at (5, 8)
Created Wall at (6, 8)
Created Wall at (7, 8)
Created Wall at (17, 8)
Created Wall at (0, 9)
Created Wall at (6, 9)
Created Wall at (8, 9)
Created Wall at (9, 9)
Put Hole at center: [ 384.0, 384.0, 0.0 ] with colour 2
Created Hole at (11, 9) with color index: 2
Created Wall at (17, 9)
Created Wall at (0, 10)
Created Wall at (5, 10)
Created Wall at (6, 10)
Created Wall at (10, 10)
Created Wall at (17, 10)
Created Wall at (0, 11)
Created Wall at (17, 11)
Created Wall at (0, 12)
Created Wall at (17, 12)
Created Wall at (0, 13)
Ball initialized at position: [ 192.0, 480.0, 0.0 ] with velocity: [ 2.0, 2.0, 0.0 ]
Created Ball at (6, 13) with color index: 2
Created Wall at (17, 13)
Created Wall at (0, 14)
Created Wall at (17, 14)
Created Wall at (0, 15)
Put Hole at center: [ 512.0, 576.0, 0.0 ] with colour 0
Created Hole at (15, 15) with color index: 0
Created Wall at (17, 15)
Created Wall at (0, 16)
Created Wall at (17, 16)
Created Wall at (0, 17)
Created Wall at (1, 17)
Created Wall at (2, 17)
Created Wall at (3, 17)
Created Wall at (4, 17)
Created Wall at (5, 17)
Created Wall at (6, 17)
Created ColouredWallTile at (7, 17) with colour index: 1
Created ColouredWallTile at (8, 17) with colour index: 1
Created ColouredWallTile at (9, 17) with colour index: 1
Created ColouredWallTile at (10, 17) with colour index: 1
Created Wall at (11, 17)
Created Wall at (12, 17)
Created Wall at (13, 17)
Created Wall at (14, 17)
Created Wall at (15, 17)
Created Wall at (16, 17)
Created Wall at (17, 17)
Level layout loaded from: level1.txt
Number of holes loaded: 4
Ball initialized at position: [ 0.0, 64.0, 0.0 ] with velocity: [ 2.0, -2.0, 0.0 ]
Created Wall at (0, 0)
Created Wall at (1, 0)
Created Wall at (2, 0)
Created Wall at (3, 0)
Created Wall at (4, 0)
Created Wall at (5, 0)
Created Wall at (6, 0)
Created ColouredWallTile at (7, 0) with colour index: 2
Created ColouredWallTile at (8, 0) with colour index: 2
Created ColouredWallTile at (9, 0) with colour index: 2
Created ColouredWallTile at (10, 0) with colour index: 2
Created Wall at (11, 0)
Created Wall at (12, 0)
Created Wall at (13, 0)
Created Wall at (14, 0)
Created Wall at (15, 0)
Created Wall at (16, 0)
Created Wall at (17, 0)
Created Wall at (0, 1)
Put Hole at center: [ 512.0, 128.0, 0.0 ] with colour 0
Created Hole at (15, 1) with color index: 0
Created Wall at (17, 1)
Created Wall at (0, 2)
Created Wall at (17, 2)
Created Wall at (0, 3)
Created Wall at (17, 3)
Created Wall at (0, 4)
Created Wall at (17, 4)
Created Wall at (0, 5)
Created Wall at (17, 5)
Created Wall at (0, 6)
Created Wall at (5, 6)
Created Wall at (6, 6)
Created Wall at (10, 6)
Put Hole at center: [ 384.0, 288.0, 0.0 ] with colour 1
Created Hole at (11, 6) with color index: 1
Created Wall at (17, 6)
Created Wall at (0, 7)
Created Wall at (6, 7)
Created Wall at (8, 7)
Created Wall at (9, 7)
Created Wall at (17, 7)
Created Wall at (0, 8)
Created EntryPoint/Spawner at (5, 8)
Created Wall at (6, 8)
Created Wall at (7, 8)
Created Wall at (17, 8)
Created Wall at (0, 9)
Created Wall at (6, 9)
Created Wall at (8, 9)
Created Wall at (9, 9)
Put Hole at center: [ 384.0, 384.0, 0.0 ] with colour 2
Created Hole at (11, 9) with color index: 2
Created Wall at (17, 9)
Created Wall at (0, 10)
Created Wall at (5, 10)
Created Wall at (6, 10)
Created Wall at (10, 10)
Created Wall at (17, 10)
Created Wall at (0, 11)
Created Wall at (17, 11)
Created Wall at (0, 12)
Created Wall at (17, 12)
Created Wall at (0, 13)
Ball initialized at position: [ 192.0, 480.0, 0.0 ] with velocity: [ -2.0, 2.0, 0.0 ]
Created Ball at (6, 13) with color index: 2
Created Wall at (17, 13)
Created Wall at (0, 14)
Created Wall at (17, 14)
Created Wall at (0, 15)
Put Hole at center: [ 512.0, 576.0, 0.0 ] with colour 0
Created Hole at (15, 15) with color index: 0
Created Wall at (17, 15)
Created Wall at (0, 16)
Created Wall at (17, 16)
Created Wall at (0, 17)
Created Wall at (1, 17)
Created Wall at (2, 17)
Created Wall at (3, 17)
Created Wall at (4, 17)
Created Wall at (5, 17)
Created Wall at (6, 17)
Created ColouredWallTile at (7, 17) with colour index: 1
Created ColouredWallTile at (8, 17) with colour index: 1
Created ColouredWallTile at (9, 17) with colour index: 1
Created ColouredWallTile at (10, 17) with colour index: 1
Created Wall at (11, 17)
Created Wall at (12, 17)
Created Wall at (13, 17)
Created Wall at (14, 17)
Created Wall at (15, 17)
Created Wall at (16, 17)
Created Wall at (17, 17)
Level layout loaded from: level1.txt
Number of holes loaded: 4
Ball initialized at position: [ 0.0, 64.0, 0.0 ] with velocity: [ 2.0, -2.0, 0.0 ]
Created Wall at (0, 0)
Created Wall at (1, 0)
Created Wall at (2, 0)
Created Wall at (3, 0)
Created Wall at (4, 0)
Created Wall at (5, 0)
Created Wall at (6, 0)
Created ColouredWallTile at (7, 0) with colour index: 2
Created ColouredWallTile at (8, 0) with colour index: 2
Created ColouredWallTile at (9, 0) with colour index: 2
Created ColouredWallTile at (10, 0) with colour index: 2
Created Wall at (11, 0)
Created Wall at (12, 0)
Created Wall at (13, 0)
Created Wall at (14, 0)
Created Wall at (15, 0)
Created Wall at (16, 0)
Created Wall at (17, 0)
Created Wall at (0, 1)
Put Hole at center: [ 512.0, 128.0, 0.0 ] with colour 0
Created Hole at (15, 1) with color index: 0
Created Wall at (17, 1)
Created Wall at (0, 2)
Created Wall at (17, 2)
Created Wall at (0, 3)
Created Wall at (17, 3)
Created Wall at (0, 4)
Created Wall at (17, 4)
Created Wall at (0, 5)
Created Wall at (17, 5)
Created Wall at (0, 6)
Created Wall at (5, 6)
Created Wall at (6, 6)
Created Wall at (10, 6)
Put Hole at center: [ 384.0, 288.0, 0.0 ] with colour 1
Created Hole at (11, 6) with color index: 1
Created Wall at (17, 6)
Created Wall at (0, 7)
Created Wall at (6, 7)
Created Wall at (8, 7)
Created Wall at (9, 7)
Created Wall at (17, 7)
Created Wall at (0, 8)
Created EntryPoint/Spawner at (5, 8)
Created Wall at (6, 8)
Created Wall at (7, 8)
Created Wall at (17, 8)
Created Wall at (0, 9)
Created Wall at (6, 9)
Created Wall at (8, 9)
Created Wall at (9, 9)
Put Hole at center: [ 384.0, 384.0, 0.0 ] with colour 2
Created Hole at (11, 9) with color index: 2
Created Wall at (17, 9)
Created Wall at (0, 10)
Created Wall at (5, 10)
Created Wall at (6, 10)
Created Wall at (10, 10)
Created Wall at (17, 10)
Created Wall at (0, 11)
Created Wall at (17, 11)
Created Wall at (0, 12)
Created Wall at (17, 12)
Created Wall at (0, 13)
Ball initialized at position: [ 192.0, 480.0, 0.0 ] with velocity: [ 2.0, 2.0, 0.0 ]
Created Ball at (6, 13) with color index: 2
Created Wall at (17, 13)
Created Wall at (0, 14)
Created Wall at (17, 14)
Created Wall at (0, 15)
Put Hole at center: [ 512.0, 576.0, 0.0 ] with colour 0
Created Hole at (15, 15) with color index: 0
Created Wall at (17, 15)
Created Wall at (0, 16)
Created Wall at (17, 16)
Created Wall at (0, 17)
Created Wall at (1, 17)
Created Wall at (2, 17)
Created Wall at (3, 17)
Created Wall at (4, 17)
Created Wall at (5, 17)
Created Wall at (6, 17)
Created ColouredWallTile at (7, 17) with colour index: 1
Created ColouredWallTile at (8, 17) with colour index: 1
Created ColouredWallTile at (9, 17) with colour index: 1
Created ColouredWallTile at (10, 17) with colour index: 1
Created Wall at (11, 17)
Created Wall at (12, 17)
Created Wall at (13, 17)
Created Wall at (14, 17)
Created Wall at (15, 17)
Created Wall at (16, 17)
Created Wall at (17, 17)
Level layout loaded from: level1.txt
Number of holes loaded: 4
Ball initialized at position: [ 0.0, 64.0, 0.0 ] with velocity: [ -2.0, 2.0, 0.0 ]

Velocity after reflection: [ 2.0, 2.0, 0.0 ]
Ball position corrected by: [ 11.0, 0.0, 0.0 ]
Ball hit Wall at (0, 0).
WallTile at (0, 0) hit. Damage Level: 1
]]></system-out>
  <system-err><![CDATA[Warning: Overlapping hole at (15, 1)
Warning: Overlapping hole at (16, 1)
Warning: Overlapping hole at (15, 2)
Warning: Overlapping hole at (16, 2)
Warning: Overlapping hole at (12, 6)
Warning: Overlapping hole at (11, 7)
Warning: Overlapping hole at (12, 7)
Warning: Overlapping hole at (11, 9)
Warning: Overlapping hole at (12, 9)
Warning: Overlapping hole at (11, 10)
Warning: Overlapping hole at (12, 10)
Warning: Overlapping hole at (16, 15)
Warning: Overlapping hole at (15, 16)
Warning: Overlapping hole at (16, 16)
]]></system-err>
</testsuite>
